> main: [m/44'/60'/0'/0/0] 0x1834Dd881DE865d002032f948a03db0129Eb1Ed4 = 6.505753670145328 ETH
> {'value': 0, 'chainId': 1, 'from': '0xfb5afbf0e89B5847d648869639A1bD7cE4046Af2', 'nonce': 0, 'gasPrice': 26199332002, 'gas': 100000, 'to': '0x1BBf25e71EC48B84d773809B4bA55B6F4bE946Fb', 'data': '0xa9059cbb00000000000000000000000039df238ea527aa7ff4cca31bf80d97ceb319748600000000000000000000000000000000000000000000060a04a167dcb53c0000'}
0x1d6ee76a22a5f399d5e3f8bdff5a1b7fb81a5a289da3d1348289533f63534379: 28519.0
tokens sent to [m/44'/60'/0'/0/0]: 0x001b4380344bb8912c9b9618fdebcad8f9180c181b5301433210d69dfe3022b9
 - waiting on tx..... [success]
> {'to': '0x39Df238eA527Aa7ff4CCa31BF80d97CEB3197486', 'value': 7763139748342332, 'chainId': 1, 'nonce': 1, 'gasPrice': 25631083840, 'gas': 21000}
 - fuel returned: 0x85d876cb77f199674c8ac139edce22a5090ab701a29682e541545fc3e8dd4eee
Traceback (most recent call last):
  File "/Users/ekkis/dev/eth/./eth.send.ls", line 61, in <module>
    sleep = random.randint(0, ETHDELAYMAX)
            ^^^^^^
NameError: name 'random' is not defined
0x1d6ee76a22a5f399d5e3f8bdff5a1b7fb81a5a289da3d1348289533f63534379: 0.0
0x4a2514421613e134553a4ebcb112503265c37b15d57392bc2a175107fd9298a4: 44223.0
 * insufficient funds for gas * price + value (balance: 0.007763139748342332 ETH)
insufficient funds for gas * price + value, gas price: 28208884526
tokens sent to [m/44'/60'/0'/0/1]: None
Traceback (most recent call last):
  File "/Users/ekkis/dev/eth/./eth.send.ls", line 57, in <module>
    res = eth.txWait(tx)
          ^^^^^^^^^^^^^^
  File "/Users/ekkis/dev/eth/eth.py", line 138, in txWait
    ret = srv.eth.get_transaction_receipt(id)
          ^^^^^^^^^^^^^^^^^^^^^^^^^^^^^^^^^^^
  File "/Users/ekkis/.pyenv/versions/3.11.2/lib/python3.11/site-packages/web3/eth/eth.py", line 459, in get_transaction_receipt
    return self._transaction_receipt(transaction_hash)
           ^^^^^^^^^^^^^^^^^^^^^^^^^^^^^^^^^^^^^^^^^^^
  File "/Users/ekkis/.pyenv/versions/3.11.2/lib/python3.11/site-packages/web3/module.py", line 58, in caller
    (method_str, params), response_formatters = method.process_params(
                                                ^^^^^^^^^^^^^^^^^^^^^^
  File "/Users/ekkis/.pyenv/versions/3.11.2/lib/python3.11/site-packages/web3/method.py", line 233, in process_params
    _apply_request_formatters(params, self.request_formatters(method)),
    ^^^^^^^^^^^^^^^^^^^^^^^^^^^^^^^^^^^^^^^^^^^^^^^^^^^^^^^^^^^^^^^^^^
  File "/Users/ekkis/.pyenv/versions/3.11.2/lib/python3.11/site-packages/eth_utils/functional.py", line 45, in inner
    return callback(fn(*args, **kwargs))
                    ^^^^^^^^^^^^^^^^^^^
  File "/Users/ekkis/.pyenv/versions/3.11.2/lib/python3.11/site-packages/web3/method.py", line 55, in _apply_request_formatters
    formatted_params = pipe(params, request_formatters)
                       ^^^^^^^^^^^^^^^^^^^^^^^^^^^^^^^^
  File "cytoolz/functoolz.pyx", line 666, in cytoolz.functoolz.pipe
  File "cytoolz/functoolz.pyx", line 641, in cytoolz.functoolz.c_pipe
  File "cytoolz/functoolz.pyx", line 253, in cytoolz.functoolz.curry.__call__
  File "cytoolz/functoolz.pyx", line 249, in cytoolz.functoolz.curry.__call__
  File "/Users/ekkis/.pyenv/versions/3.11.2/lib/python3.11/site-packages/web3/_utils/abi.py", line 734, in map_abi_data
    return pipe(data, *pipeline)
           ^^^^^^^^^^^^^^^^^^^^^
  File "cytoolz/functoolz.pyx", line 666, in cytoolz.functoolz.pipe
  File "cytoolz/functoolz.pyx", line 641, in cytoolz.functoolz.c_pipe
  File "cytoolz/functoolz.pyx", line 253, in cytoolz.functoolz.curry.__call__
  File "cytoolz/functoolz.pyx", line 249, in cytoolz.functoolz.curry.__call__
  File "/Users/ekkis/.pyenv/versions/3.11.2/lib/python3.11/site-packages/web3/_utils/abi.py", line 769, in data_tree_map
    return recursive_map(map_to_typed_data, data_tree)
           ^^^^^^^^^^^^^^^^^^^^^^^^^^^^^^^^^^^^^^^^^^^
  File "/Users/ekkis/.pyenv/versions/3.11.2/lib/python3.11/site-packages/web3/_utils/decorators.py", line 30, in wrapped
    wrapped_val = to_wrap(*args)
                  ^^^^^^^^^^^^^^
  File "/Users/ekkis/.pyenv/versions/3.11.2/lib/python3.11/site-packages/web3/_utils/formatters.py", line 84, in recursive_map
    items_mapped = map_collection(recurse, data)
                   ^^^^^^^^^^^^^^^^^^^^^^^^^^^^^
  File "/Users/ekkis/.pyenv/versions/3.11.2/lib/python3.11/site-packages/web3/_utils/formatters.py", line 68, in map_collection
    return datatype(map(func, collection))
           ^^^^^^^^^^^^^^^^^^^^^^^^^^^^^^^
  File "/Users/ekkis/.pyenv/versions/3.11.2/lib/python3.11/site-packages/web3/_utils/formatters.py", line 82, in recurse
    return recursive_map(func, item)
           ^^^^^^^^^^^^^^^^^^^^^^^^^
  File "/Users/ekkis/.pyenv/versions/3.11.2/lib/python3.11/site-packages/web3/_utils/decorators.py", line 30, in wrapped
    wrapped_val = to_wrap(*args)
                  ^^^^^^^^^^^^^^
  File "/Users/ekkis/.pyenv/versions/3.11.2/lib/python3.11/site-packages/web3/_utils/formatters.py", line 85, in recursive_map
    return func(items_mapped)
           ^^^^^^^^^^^^^^^^^^
  File "/Users/ekkis/.pyenv/versions/3.11.2/lib/python3.11/site-packages/web3/_utils/abi.py", line 765, in map_to_typed_data
    return ABITypedData(func(*elements))
                        ^^^^^^^^^^^^^^^
  File "/Users/ekkis/.pyenv/versions/3.11.2/lib/python3.11/site-packages/web3/_utils/normalizers.py", line 78, in wrapper
    modified = to_wrap(type_str, data)
               ^^^^^^^^^^^^^^^^^^^^^^^
  File "/Users/ekkis/.pyenv/versions/3.11.2/lib/python3.11/site-packages/web3/_utils/normalizers.py", line 133, in new_normalizer
    return old_normalizer(abi_type, type_str, data)
           ^^^^^^^^^^^^^^^^^^^^^^^^^^^^^^^^^^^^^^^^
  File "/Users/ekkis/.pyenv/versions/3.11.2/lib/python3.11/site-packages/web3/_utils/normalizers.py", line 146, in abi_bytes_to_hex
    bytes_data = hexstr_if_str(to_bytes, data)
                 ^^^^^^^^^^^^^^^^^^^^^^^^^^^^^
  File "cytoolz/functoolz.pyx", line 253, in cytoolz.functoolz.curry.__call__
  File "cytoolz/functoolz.pyx", line 249, in cytoolz.functoolz.curry.__call__
  File "/Users/ekkis/.pyenv/versions/3.11.2/lib/python3.11/site-packages/web3/_utils/encoding.py", line 178, in hexstr_if_str
    return to_type(primitive, hexstr=hexstr)
           ^^^^^^^^^^^^^^^^^^^^^^^^^^^^^^^^^
  File "/Users/ekkis/.pyenv/versions/3.11.2/lib/python3.11/site-packages/eth_utils/decorators.py", line 70, in wrapper
    _assert_one_val(*args, **kwargs)
  File "/Users/ekkis/.pyenv/versions/3.11.2/lib/python3.11/site-packages/eth_utils/decorators.py", line 33, in _assert_one_val
    raise TypeError(
TypeError: Exactly one of the passed values can be specified. Instead, values were: (None,), {'hexstr': None}
0x1d6ee76a22a5f399d5e3f8bdff5a1b7fb81a5a289da3d1348289533f63534379: 0.0
0x4a2514421613e134553a4ebcb112503265c37b15d57392bc2a175107fd9298a4: 44223.0
 * sendFuel(): insufficient funds for gas * price + value (balance: 0.007763139748342332 ETH)
Traceback (most recent call last):
  File "/Users/ekkis/dev/eth/./eth.send.ls", line 60, in <module>
    sleep = random.randint(0, ETHDELAYMAX)
            ^^^^^^^^^^^^^^^^^^^^^^^^^^^^^^
  File "/Users/ekkis/.pyenv/versions/3.11.2/lib/python3.11/random.py", line 362, in randint
    return self.randrange(a, b+1)
                             ~^~
TypeError: can only concatenate str (not "int") to str
0x1d6ee76a22a5f399d5e3f8bdff5a1b7fb81a5a289da3d1348289533f63534379: 0.0
0x4a2514421613e134553a4ebcb112503265c37b15d57392bc2a175107fd9298a4: 44223.0
 * sendFuel(): insufficient funds for gas * price + value (m/44'/60'/0'/0/0 bal: 0.007763139748342332 ETH)
0x97e1bdd07023ddcef38373c86f7be96e77c51feed3dcdfc0dd921e107ec2f74e: 17223.0
 * sendFuel(): insufficient funds for gas * price + value (m/44'/60'/0'/0/0 bal: 0.007763139748342332 ETH)
0xcacbc29fb0a12b792b39068c0c889d2b245cf55582bb898252c92881dfaf693e: 48424.0
 * sendFuel(): insufficient funds for gas * price + value (m/44'/60'/0'/0/0 bal: 0.007763139748342332 ETH)
0xb9aaef5510e7994a35510a3ef43d6207b94d51935bad4b14e3dac3dd7dfddaa2: 74739.0
 * sendFuel(): insufficient funds for gas * price + value (m/44'/60'/0'/0/0 bal: 0.007763139748342332 ETH)
0xba0e315a81911ac793cbd8150838ee24c19b94b29f62df214ab824521cb1e812: 50426.0
0x1d6ee76a22a5f399d5e3f8bdff5a1b7fb81a5a289da3d1348289533f63534379: 0.0
0x4a2514421613e134553a4ebcb112503265c37b15d57392bc2a175107fd9298a4: 44223.0
 * sendFuel(): insufficient funds for gas * price + value
 * m/44'/60'/0'/0/0 0x39Df238eA527Aa7ff4CCa31BF80d97CEB3197486 bal: 0.007763139748342332 eth
0x97e1bdd07023ddcef38373c86f7be96e77c51feed3dcdfc0dd921e107ec2f74e: 17223.0
> main: [m/44'/60'/0'/0/0] 0x1834Dd881DE865d002032f948a03db0129Eb1Ed4 = 6.505753670145328 ETH
0x1d6ee76a22a5f399d5e3f8bdff5a1b7fb81a5a289da3d1348289533f63534379: 0.0
0x4a2514421613e134553a4ebcb112503265c37b15d57392bc2a175107fd9298a4: 44223.0
> {'to': '0xcF184463Df676e06ec3d9F20c4146f0120320014', 'value': 10000000000000000, 'chainId': 1, 'nonce': 0, 'gasPrice': 25061065201, 'gas': 21000}
 * sendFuel(): insufficient funds for gas * price + value
 * m/44'/60'/0'/0/0 0x39Df238eA527Aa7ff4CCa31BF80d97CEB3197486 bal: 0.007763139748342332 eth
0x97e1bdd07023ddcef38373c86f7be96e77c51feed3dcdfc0dd921e107ec2f74e: 17223.0
Traceback (most recent call last):
  File "/Users/ekkis/dev/eth/./eth.send.ls", line 33, in <module>
    main = eth.node()
           ^^^^^^^^^^
  File "/Users/ekkis/dev/eth/eth.py", line 104, in node
    if not _root_: _root_ = child(key(secret))
           ^^^^^^
NameError: name '_root_' is not defined
Traceback (most recent call last):
  File "/Users/ekkis/dev/eth/./eth.send.ls", line 13, in <module>
    import eth
  File "/Users/ekkis/dev/eth/eth.py", line 106
    global _root_
    ^^^^^^^^^^^^^
SyntaxError: name '_root_' is used prior to global declaration



> main: [m/44'/60'/0'/0/0] 0x1834Dd881DE865d002032f948a03db0129Eb1Ed4 = 6.505753670145328 ETH
0x1d6ee76a22a5f399d5e3f8bdff5a1b7fb81a5a289da3d1348289533f63534379: 0.0
0x4a2514421613e134553a4ebcb112503265c37b15d57392bc2a175107fd9298a4: 44223.0
> {'to': '0xcF184463Df676e06ec3d9F20c4146f0120320014', 'value': 10000000000000000, 'chainId': 1, 'nonce': 5, 'gasPrice': 24401730901, 'gas': 21000}
 - fuel sent: 0x230c1f5d185dc31847617105d7a1a256239d84b60dce2bfc6007617dbdd9311c
 - waiting for fuel...> {'value': 0, 'chainId': 1, 'from': '0xcF184463Df676e06ec3d9F20c4146f0120320014', 'nonce': 0, 'gasPrice': 23935144529, 'gas': 100000, 'to': '0x1BBf25e71EC48B84d773809B4bA55B6F4bE946Fb', 'data': '0xa9059cbb000000000000000000000000e04c4183da2764c3e3ee24fe74c20115c11ea53800000000000000000000000000000000000000000000095d55690481139c0000'}
.
tokens sent to [m/44'/60'/0'/0/1]: 0x73fa5fc68b15c8adb1aacf8b46960f16939abfa76ac4aa763dfa28b08155e79d
 - waiting on tx.... [success]
> {'to': '0xe04C4183da2764C3e3Ee24fE74c20115c11ea538', 'value': 7948400477218814, 'chainId': 1, 'nonce': 1, 'gasPrice': 23799445828, 'gas': 21000}


0x1d6ee76a22a5f399d5e3f8bdff5a1b7fb81a5a289da3d1348289533f63534379: 0.0
0x4a2514421613e134553a4ebcb112503265c37b15d57392bc2a175107fd9298a4: 0.0
0x97e1bdd07023ddcef38373c86f7be96e77c51feed3dcdfc0dd921e107ec2f74e: 17223.0
 - fuel sent: 0x03f8db9fdaf34b5299c09d799d4e138ebff0a7923f47fefa8d832a080a1b5efb
 - waiting for fuel....
tokens sent to [m/44'/60'/0'/0/2]: 0x63afad29a3a26d4b33e74f112aace48382c5ea270f10c61b40304ca535002ea3
 - waiting on tx.... [success]
 - fuel returned: 0x6910266eb20a42f3d9ab34a6fec73b880ebed04f9042b8e8610773d11acfb322
 - sleeping [70 seconds]
0xcacbc29fb0a12b792b39068c0c889d2b245cf55582bb898252c92881dfaf693e: 48424.0
 - fuel sent: 0x5259d010a6cf0bd3ddd961d71bf9c4985e29009d8fe9e0ba3beae89ea352eea6
 - waiting for fuel....
tokens sent to [m/44'/60'/0'/0/3]: 0x45041e24e901f37722b54e6c1d07239cacc1903798fbe60603fad2a8b7de9bcc
 - waiting on tx.......... [success]
 - fuel returned: 0x31d061393d3fcf14ff203b48b6be0dafdb9410c99ece18c7845c422f74741abb
 - sleeping [105 seconds]
0xb9aaef5510e7994a35510a3ef43d6207b94d51935bad4b14e3dac3dd7dfddaa2: 74739.0
 - fuel sent: 0x8d17849cee37a4e64a6657a0c90c8ad94b3220895cbc1382ca60c47e3872d3e0
 - waiting for fuel.....................................Traceback (most recent call last):
  File "/Users/ekkis/.pyenv/versions/3.11.2/lib/python3.11/site-packages/urllib3/response.py", line 761, in _update_chunk_length
    self.chunk_left = int(line, 16)
                      ^^^^^^^^^^^^^
ValueError: invalid literal for int() with base 16: b''

During handling of the above exception, another exception occurred:

Traceback (most recent call last):
  File "/Users/ekkis/.pyenv/versions/3.11.2/lib/python3.11/site-packages/urllib3/response.py", line 444, in _error_catcher
    yield
  File "/Users/ekkis/.pyenv/versions/3.11.2/lib/python3.11/site-packages/urllib3/response.py", line 828, in read_chunked
    self._update_chunk_length()
  File "/Users/ekkis/.pyenv/versions/3.11.2/lib/python3.11/site-packages/urllib3/response.py", line 765, in _update_chunk_length
    raise InvalidChunkLength(self, line)
urllib3.exceptions.InvalidChunkLength: InvalidChunkLength(got length b'', 0 bytes read)

During handling of the above exception, another exception occurred:

Traceback (most recent call last):
  File "/Users/ekkis/.pyenv/versions/3.11.2/lib/python3.11/site-packages/requests/models.py", line 816, in generate
    yield from self.raw.stream(chunk_size, decode_content=True)
  File "/Users/ekkis/.pyenv/versions/3.11.2/lib/python3.11/site-packages/urllib3/response.py", line 624, in stream
    for line in self.read_chunked(amt, decode_content=decode_content):
  File "/Users/ekkis/.pyenv/versions/3.11.2/lib/python3.11/site-packages/urllib3/response.py", line 816, in read_chunked
    with self._error_catcher():
  File "/Users/ekkis/.pyenv/versions/3.11.2/lib/python3.11/contextlib.py", line 155, in __exit__
    self.gen.throw(typ, value, traceback)
  File "/Users/ekkis/.pyenv/versions/3.11.2/lib/python3.11/site-packages/urllib3/response.py", line 461, in _error_catcher
    raise ProtocolError("Connection broken: %r" % e, e)
urllib3.exceptions.ProtocolError: ("Connection broken: InvalidChunkLength(got length b'', 0 bytes read)", InvalidChunkLength(got length b'', 0 bytes read))

During handling of the above exception, another exception occurred:

Traceback (most recent call last):
  File "/Users/ekkis/dev/eth/./eth.send.ls", line 51, in <module>
    if not eth.topUp(acct, fuel): continue
           ^^^^^^^^^^^^^^^^^^^^^
  File "/Users/ekkis/dev/eth/eth.py", line 219, in topUp
    while balance(to) < amt:
          ^^^^^^^^^^^
  File "/Users/ekkis/dev/eth/eth.py", line 193, in balance
    bal = tryBalRaw(address, contract)
          ^^^^^^^^^^^^^^^^^^^^^^^^^^^^
  File "/Users/ekkis/dev/eth/eth.py", line 171, in tryBalRaw
    return srv.eth.get_balance(address)
           ^^^^^^^^^^^^^^^^^^^^^^^^^^^^
  File "/Users/ekkis/.pyenv/versions/3.11.2/lib/python3.11/site-packages/web3/eth/eth.py", line 405, in get_balance
    return self._get_balance(account, block_identifier)
           ^^^^^^^^^^^^^^^^^^^^^^^^^^^^^^^^^^^^^^^^^^^^
  File "/Users/ekkis/.pyenv/versions/3.11.2/lib/python3.11/site-packages/web3/module.py", line 68, in caller
    result = w3.manager.request_blocking(
             ^^^^^^^^^^^^^^^^^^^^^^^^^^^^
  File "/Users/ekkis/.pyenv/versions/3.11.2/lib/python3.11/site-packages/web3/manager.py", line 231, in request_blocking
    response = self._make_request(method, params)
               ^^^^^^^^^^^^^^^^^^^^^^^^^^^^^^^^^^
  File "/Users/ekkis/.pyenv/versions/3.11.2/lib/python3.11/site-packages/web3/manager.py", line 175, in _make_request
    return request_func(method, params)
           ^^^^^^^^^^^^^^^^^^^^^^^^^^^^
  File "/Users/ekkis/.pyenv/versions/3.11.2/lib/python3.11/site-packages/web3/middleware/formatting.py", line 99, in middleware
    response = make_request(method, params)
               ^^^^^^^^^^^^^^^^^^^^^^^^^^^^
  File "/Users/ekkis/.pyenv/versions/3.11.2/lib/python3.11/site-packages/web3/middleware/gas_price_strategy.py", line 96, in middleware
    return make_request(method, params)
           ^^^^^^^^^^^^^^^^^^^^^^^^^^^^
  File "/Users/ekkis/.pyenv/versions/3.11.2/lib/python3.11/site-packages/web3/middleware/formatting.py", line 99, in middleware
    response = make_request(method, params)
               ^^^^^^^^^^^^^^^^^^^^^^^^^^^^
  File "/Users/ekkis/.pyenv/versions/3.11.2/lib/python3.11/site-packages/web3/middleware/attrdict.py", line 38, in middleware
    response = make_request(method, params)
               ^^^^^^^^^^^^^^^^^^^^^^^^^^^^
  File "/Users/ekkis/.pyenv/versions/3.11.2/lib/python3.11/site-packages/web3/middleware/formatting.py", line 99, in middleware
    response = make_request(method, params)
               ^^^^^^^^^^^^^^^^^^^^^^^^^^^^
  File "/Users/ekkis/.pyenv/versions/3.11.2/lib/python3.11/site-packages/web3/middleware/formatting.py", line 99, in middleware
    response = make_request(method, params)
               ^^^^^^^^^^^^^^^^^^^^^^^^^^^^
  File "/Users/ekkis/.pyenv/versions/3.11.2/lib/python3.11/site-packages/web3/middleware/formatting.py", line 99, in middleware
    response = make_request(method, params)
               ^^^^^^^^^^^^^^^^^^^^^^^^^^^^
  File "/Users/ekkis/.pyenv/versions/3.11.2/lib/python3.11/site-packages/web3/middleware/buffered_gas_estimate.py", line 43, in middleware
    return make_request(method, params)
           ^^^^^^^^^^^^^^^^^^^^^^^^^^^^
  File "/Users/ekkis/.pyenv/versions/3.11.2/lib/python3.11/site-packages/web3/middleware/exception_retry_request.py", line 106, in middleware
    return make_request(method, params)
           ^^^^^^^^^^^^^^^^^^^^^^^^^^^^
  File "/Users/ekkis/.pyenv/versions/3.11.2/lib/python3.11/site-packages/web3/providers/rpc.py", line 90, in make_request
    raw_response = make_post_request(
                   ^^^^^^^^^^^^^^^^^^
  File "/Users/ekkis/.pyenv/versions/3.11.2/lib/python3.11/site-packages/web3/_utils/request.py", line 114, in make_post_request
    response = get_response_from_post_request(endpoint_uri, data=data, *args, **kwargs)
               ^^^^^^^^^^^^^^^^^^^^^^^^^^^^^^^^^^^^^^^^^^^^^^^^^^^^^^^^^^^^^^^^^^^^^^^^
  File "/Users/ekkis/.pyenv/versions/3.11.2/lib/python3.11/site-packages/web3/_utils/request.py", line 107, in get_response_from_post_request
    response = session.post(endpoint_uri, *args, **kwargs)
               ^^^^^^^^^^^^^^^^^^^^^^^^^^^^^^^^^^^^^^^^^^^
  File "/Users/ekkis/.pyenv/versions/3.11.2/lib/python3.11/site-packages/requests/sessions.py", line 635, in post
    return self.request("POST", url, data=data, json=json, **kwargs)
           ^^^^^^^^^^^^^^^^^^^^^^^^^^^^^^^^^^^^^^^^^^^^^^^^^^^^^^^^^
  File "/Users/ekkis/.pyenv/versions/3.11.2/lib/python3.11/site-packages/requests/sessions.py", line 587, in request
    resp = self.send(prep, **send_kwargs)
           ^^^^^^^^^^^^^^^^^^^^^^^^^^^^^^
  File "/Users/ekkis/.pyenv/versions/3.11.2/lib/python3.11/site-packages/requests/sessions.py", line 745, in send
    r.content
  File "/Users/ekkis/.pyenv/versions/3.11.2/lib/python3.11/site-packages/requests/models.py", line 899, in content
    self._content = b"".join(self.iter_content(CONTENT_CHUNK_SIZE)) or b""
                    ^^^^^^^^^^^^^^^^^^^^^^^^^^^^^^^^^^^^^^^^^^^^^^^
  File "/Users/ekkis/.pyenv/versions/3.11.2/lib/python3.11/site-packages/requests/models.py", line 818, in generate
    raise ChunkedEncodingError(e)
requests.exceptions.ChunkedEncodingError: ("Connection broken: InvalidChunkLength(got length b'', 0 bytes read)", InvalidChunkLength(got length b'', 0 bytes read))
0x1d6ee76a22a5f399d5e3f8bdff5a1b7fb81a5a289da3d1348289533f63534379: 0.0
0x4a2514421613e134553a4ebcb112503265c37b15d57392bc2a175107fd9298a4: 0.0
0x97e1bdd07023ddcef38373c86f7be96e77c51feed3dcdfc0dd921e107ec2f74e: 0.0
0xcacbc29fb0a12b792b39068c0c889d2b245cf55582bb898252c92881dfaf693e: 0.0
0xb9aaef5510e7994a35510a3ef43d6207b94d51935bad4b14e3dac3dd7dfddaa2: 74739.0
tokens sent to [m/44'/60'/0'/0/4]: 0x03369ac744815cf25a0c12522d2a37cd1bc9550af30616d5e7c4389c6901e4b5
 - waiting on tx..... [success]
 - fuel returned: 0x45c1c81ce32fa54f23326be31a0d747246078d6b28320cc3c8691cb6fee0dc24
 - sleeping [33 seconds]
0xba0e315a81911ac793cbd8150838ee24c19b94b29f62df214ab824521cb1e812: 50426.0
 - fuel sent: 0x7ba9b6b629ebbc1e36ffb13a04f19de6bea0177babd0a29ac777f8aa08dc9ad1
......... [success]
tokens sent to [m/44'/60'/0'/0/5]: 0x9c28e198cffff3bcb2647b9ef1273ec4215df34d28d3ff8876d524b364d637bf
 - waiting on tx... [success]
 - fuel returned: 0x09a1d5f8f285bf8446759732134ca8f949b0cc06cdde20708f0ae1bfee83ddf9
 - sleeping [120 seconds]
0xec4d1a6ceca1ffeb3121dcda15f33c6a32285cb58c41fc13d0dc8afd4cf8dbf1: 35993.0
 - fuel sent: 0x19720c5ceb18d1bc559629b4b479c655261c3022065f868fb8a912c739671e5e
. [success]
tokens sent to [m/44'/60'/0'/0/6]: 0x0df0c6a0561a0488a1ca1243d10cea9fcab1904644ded49a62295f7aa669c164
 - waiting on tx.... [success]
 - fuel returned: 0x89b7e3dbd9e5ce862bd0f6b5f2d67a50035b52def2f9422bc4c4abc422621e97
 - sleeping [76 seconds]
0x816822efd62b4c2fe655ddfba2fd2997a85433323304d250ff64d0091f87265b: 2149.0
 - fuel sent: 0xebdf8104259701a790caa2471febebbc72cdfa4f0fb3baa234d3293335831015
.. [success]
tokens sent to [m/44'/60'/0'/0/7]: 0xffaeb2ed5828016f6ffba81b69adcfdf84ec279c9b2199b9250558806e9bdbae
 - waiting on tx...0x1d6ee76a22a5f399d5e3f8bdff5a1b7fb81a5a289da3d1348289533f63534379: 0.0
0x4a2514421613e134553a4ebcb112503265c37b15d57392bc2a175107fd9298a4: 0.0
0x97e1bdd07023ddcef38373c86f7be96e77c51feed3dcdfc0dd921e107ec2f74e: 0.0
0xcacbc29fb0a12b792b39068c0c889d2b245cf55582bb898252c92881dfaf693e: 0.0
0xb9aaef5510e7994a35510a3ef43d6207b94d51935bad4b14e3dac3dd7dfddaa2: 0.0
0xba0e315a81911ac793cbd8150838ee24c19b94b29f62df214ab824521cb1e812: 0.0
0xec4d1a6ceca1ffeb3121dcda15f33c6a32285cb58c41fc13d0dc8afd4cf8dbf1: 0.0
0x816822efd62b4c2fe655ddfba2fd2997a85433323304d250ff64d0091f87265b: 0.0
0x178c689bc1fc19b12b7a303774cd935d240e3d410db1650eae8c9be5f61ede33: 66397.0
 - fuel sent: 0x7f23693e23caed094ba4fba0c04584d5c4a450b84553211e69a82d1d774c33db
 - waiting on tx.... [success]
tokens sent to [m/44'/60'/0'/0/8]: 0x5beb5daa37f580173f84ba1de30f21dc0df6632a47f5112fa7e9d649c0a22c24
 - waiting on tx.... [success]
 - fuel returned: 0x8232a761b706dc136d175b286b7c5f074da6351956925bf44449522dfa16aec2
 - sleeping [24 seconds]
0xf49e7979635e8f72a2a8bec4f998b0bdc71e4902da9b4044e55712abdee9fbe0: 79987.0
 - fuel sent: 0x374a584b2fca4dc6446d02450fe73dab2158671eaf2c4b53af4ee58991f17e57
 - waiting on tx.... [success]
tokens sent to [m/44'/60'/0'/0/9]: 0xf8644c46e134092ab6c41c13fed8d1437c1ae65c419160be1e045e2aed328a53
 - waiting on tx..... [success]
 - fuel returned: 0x3f8ddbdaa4b0244803f56240b76ecc5e060fc68e4772d334d4647a48134e5815
 - sleeping [86 seconds]
0x1ae83fadb6d5c5bd66fc7b65cac38b883aa26486808538abb6b5975867b7648d: 70859.0
 - fuel sent: 0x8cde5d4f5331ccebc38269879784f221535fba4361f3d09d37b01f47778ff914
 - waiting on tx..... [success]
tokens sent to [m/44'/60'/0'/0/10]: 0x4ffe08713c9b189bdbcf9fb1ed240e1812c8c396ba193c2c46dca79aa12acf51
 - waiting on tx...... [success]
 - fuel returned: 0x4b857df318532e6f69ce2f9ef74ed2270ec590524be512b81a1802f28d8b55a0
 - sleeping [29 seconds]
0x1d6ee76a22a5f399d5e3f8bdff5a1b7fb81a5a289da3d1348289533f63534379: 0.0
 - sleeping [102 seconds]
0x1d6ee76a22a5f399d5e3f8bdff5a1b7fb81a5a289da3d1348289533f63534379
: 0.0
0x4a2514421613e134553a4ebcb112503265c37b15d57392bc2a175107fd9298a4
: 0.0
0x97e1bdd07023ddcef38373c86f7be96e77c51feed3dcdfc0dd921e107ec2f74e
: 0.0
0x1d6ee76a22a5f399d5e3f8bdff5a1b7fb81a5a289da3d1348289533f63534379: 0.0
0x4a2514421613e134553a4ebcb112503265c37b15d57392bc2a175107fd9298a4: 0.0
0x97e1bdd07023ddcef38373c86f7be96e77c51feed3dcdfc0dd921e107ec2f74e: 0.0
0xcacbc29fb0a12b792b39068c0c889d2b245cf55582bb898252c92881dfaf693e: 0.0
0xb9aaef5510e7994a35510a3ef43d6207b94d51935bad4b14e3dac3dd7dfddaa2: 0.0
0xba0e315a81911ac793cbd8150838ee24c19b94b29f62df214ab824521cb1e812: 0.0
0xec4d1a6ceca1ffeb3121dcda15f33c6a32285cb58c41fc13d0dc8afd4cf8dbf1: 0.0
0x816822efd62b4c2fe655ddfba2fd2997a85433323304d250ff64d0091f87265b: 0.0
 - fuel returned: 0xd5ba75359aec2e73779c0bca6c9416a11c48b6b707b804ef909f112ca14e61d7
0x178c689bc1fc19b12b7a303774cd935d240e3d410db1650eae8c9be5f61ede33: 0.0
0xf49e7979635e8f72a2a8bec4f998b0bdc71e4902da9b4044e55712abdee9fbe0: 0.0
0x1ae83fadb6d5c5bd66fc7b65cac38b883aa26486808538abb6b5975867b7648d: 0.0
0xb82fb895e6f5ff0b35771f946b8c0c097129c434961b6ea07588dab9b1503c8f: 4921.0
 - fuel sent: 0xc6d2fde6c2d49f225907696b8e920bfc4ee5bf7efb1de452b54abd366774aa97
 - waiting on tx.... [success]
tokens sent to [m/44'/60'/0'/0/11]: 0x2b451922dd499be18ac466f9ff797d8f67516f1286acf08a475d19913dbe4b96
 - waiting on tx.... [success]
 - fuel returned: 0x1ca6ad2415e7ff421c81743fce34c1c8ea2bf73bd18c2d2391d0f208bd116b8e
 - sleeping [13 seconds]
0xfee00cc0ce5910851b2e519e7efde6503f5406b4b8855260ce95b5d3fc121488: 48333.0
 - fuel sent: 0xb11b216a09c963b7636f7bb1bdc7e2e6000b957c3ed7328b8131b5e6e3fd660e
 - waiting on tx............................................................................................................. [success]
tokens sent to [m/44'/60'/0'/0/12]: 0x4383c928c08702e2aefacb9aee4c700e53cdb19339848f8c29166f6f4e00f9a6
 - waiting on tx............ [failed]
0xffc1485fda878a9fab844ed5a8b45b3952d3e393117d3333a6bf9b79ed2c806d: 1316.0
 - fuel sent: 0x7ea39bdee3dc670904c8dd3f48919b72fa1e416456167fc3ae41ba5ffd234bf3
 - waiting on tx... [success]
tokens sent to [m/44'/60'/0'/0/13]: 0xac8db81d9de5a5ed76592a84329ff127dcccc087aac4cca32de8ab1d19decbe6
 - waiting on tx... [success]
 - fuel returned: 0x611856b2d06230ad7f6f25feb2a8d26b34ed0ae5485832ec2d7d6b0aa6d2ae38
 - sleeping [106 seconds]
0xff0af72264973f4f04e60782b96ae94f47c06861162b10f485afcf092efe6a7d: 6789.0
 - fuel sent: 0x59590ce029c804c22f470c8b4e75cf760f329989b8170d37876100845a4d9d55
 - waiting on tx.... [success]
tokens sent to [m/44'/60'/0'/0/14]: 0xe89082bcf88bcfb0137ae940fbad43f3e5217a40e9377ad9a413910596727af7
 - waiting on tx.... [success]
 - fuel returned: 0x69bf2af853a06eb03d66a007e28ad8e70982c9aaa1d7c2366b4bdb7295a7e791
 - sleeping [10 seconds]
0xc10eb3cbe77b2b4ee0c703f8cb6a675df47acd184a51befb67f62fc725b1843c: 32811.0
 - fuel sent: 0xb5cbf9ac31290da89a135f1f23cf90953a56332185512f3316f336f85cefca3e
 - waiting on tx..... [success]
tokens sent to [m/44'/60'/0'/0/15]: 0xaa75a0611223dfa7fe65fe685a34171638e1be95c4e371e42e1982c6cd99c0a4
 - waiting on tx....... [success]
 - fuel returned: 0xed71aaff8595e39c92399a483af93bd873a1e13312cb1d6024894846ad767b44
 - sleeping [99 seconds]
0xea18ff23f4fbdab20a2841d1734ee96c56670bc8d6bc5c369bae9a47db92f014: 14205.0
 - fuel sent: 0xf1e282bbd921277f17939c7dcb25aa2b6570da67b8da46141326096474c7ba65
 - waiting on tx... [success]
tokens sent to [m/44'/60'/0'/0/16]: 0x3b007138f4368881d6e47c17ac3291f543816a04421542c31a327ee6e141b80f
 - waiting on tx............ [failed]
0xca14688348ee99e46fe73afb2bcf76edf34b74d7d9169b3ea46fed6a270c020f: 48838.99999999999
 - fuel sent: 0x6f7a2556af9f4ab5de9e93b7626a44beb351810dcdfb340726126967a26aef5a
 - waiting on tx.... [success]
tokens sent to [m/44'/60'/0'/0/17]: 0x20678c5408e0112c54d51f2fd209aceb7ef1da8672eb131155d87952f589b4b9
 - waiting on tx............ [failed]
0x7b19a31cdea41799d6ae2b5c4d12cfeb86a7622f7e237f567cc56d10214e509c: 6495.0
 - fuel sent: 0x63c5a4ead5278bc7de478542ff7ef6e57418f06661f674849625e9d559e9b868
 - waiting on tx... [success]
tokens sent to [m/44'/60'/0'/0/18]: 0x4afd6b999ebd4acdb65d4961d6ab3a6a05792d80871389352e9c4930a820cfab
 - waiting on tx.... [success]
 - fuel returned: 0x4220957c91a832b0864fbc6c67771d9ba7cb6c74ee69f353106546f1df1e0197
 - sleeping [99 seconds]
0xa8f6076dc52cd74b8c5cd2eeb6735d6912e60a6c11f0c8950efe6e9038017db6: 16672.0
 - fuel sent: 0xaa884896e5f80a45ee6f144c74db41acd3c29c142c7d4e2bb8f12efa7115fc0d
 - waiting on tx.... [success]
tokens sent to [m/44'/60'/0'/0/19]: 0x7aa358a7de0f5a1f04757f8caa71697ecf9fd3481ca423a895e9feea6994b20a
 - waiting on tx............ [failed]
0x7759d2b2d17db625fc36a417e7838c629d92cd43f14947cfd3d9105fc1264533: 1654.0
 - fuel sent: 0x95102a7c12603c873e5201143c5fea2b883c134cc780bd9355091b29b419c736
 - waiting on tx.... [success]
tokens sent to [m/44'/60'/0'/0/20]: 0x2f10aa350dfb5170033508b1966d5a1c8a2793affdccb0fd957012a94a84cb84
 - waiting on tx.... [success]
 - fuel returned: 0xbed095cf8809bed0d9d3a4e01d798a988578725fb8cdf3781959f238aebd742b
 - sleeping [26 seconds]
0x8ff69cbbcba024c8051da48d7ae8e43f788e31820e4d60eef54328ea86c77c9c: 46070.0
 - fuel sent: 0x59993dc9b074c6ce109126a0603b7b779d117b7700953d8412aebb7c43c7ae9e
 - waiting on tx.... [success]
tokens sent to [m/44'/60'/0'/0/21]: 0xba356eb9bd6a93e6bb7ff76fda862558a1db447c70b02b32ce2d37080c14358f
 - waiting on tx.... [success]
 - fuel returned: 0xdd960afe094e33a9ad1d273ccad5629a140082d5507f1d5b74776aee560746b6
 - sleeping [111 seconds]
0x0dd8b76bb3fbe1a8ec6631a4e47f0cb0a22e0ec31ac7e4f90e73c84c3cac836a: 34256.0
 - fuel sent: 0xb297d6204e2015072451f89fc9c79833545d09f94cd200eafc744effaa58e2c6
 - waiting on tx..... [success]
tokens sent to [m/44'/60'/0'/0/22]: 0xd0c4c59a601a2d5b2f8e3ead72f7147444439d5a72e06d781604057e34dbce19
 - waiting on tx..... [success]
 - fuel returned: 0x9c87ca1484ddf41e19dc9316587e2877b0fcae5cea0d315a9326628be26c81ba
 - sleeping [60 seconds]
0xd002bea708468895ad1d67f80fcd0f9655c18ddb368ae517ad75b550349d2ebb: 1037.0
 - fuel sent: 0xccfe2b14acc114515eb8f71f4e6fc093b7ccd1a7e99a0f2eef95f98f1d5d2ada
 - waiting on tx... [success]
tokens sent to [m/44'/60'/0'/0/23]: 0x6c86d961b429e0bd823702c754b06f282b6ce5fa2e72843a1e662054a1d12b0d
 - waiting on tx...... [success]
 - fuel returned: 0x228c82d2590c2761e0df8e9f1adee0cacea1abe74452b9d423cd38973f82129a
 - sleeping [21 seconds]
0x0feb4724a41f5ecb26fe45432dfdcd5a2ce5f888c79fb7fc4e89a3add6b1879d: 52168.0
 - fuel sent: 0x52eb93cb6d632aee568493ff77ba2a14236001b27ec817559dedee7ec89a57ce
 - waiting on tx... [success]
tokens sent to [m/44'/60'/0'/0/24]: 0x9e26ceb44afd6f86c5d1024345cbe518c73590e223e35724aae5c66dd23c8513
 - waiting on tx...... [success]
 - fuel returned: 0x240b1fc906cd151ce82544b7aade883fbf718d973282c54309721d3336fc8724
 - sleeping [113 seconds]
0xc87ab19d0214683c0e8037907d16ada13c1eb66202bac5696bea3aac7c4440a2: 21726.999999999996
 - fuel sent: 0x8bb07eef5a1d2d5dea0fb788aa304795e72fc369744d0c6b9af994af588a1588
 - waiting on tx... [success]
tokens sent to [m/44'/60'/0'/0/25]: 0x10a6630a20bfe6459659481fcc243a5e203e0e940c7ce653970762bff52ad0b2
 - waiting on tx.... [success]
 - fuel returned: 0x71d63ce5cb16863094c85b4589951abf58ffdf26e8eb967007994062a844b308
 - sleeping [91 seconds]
0x4f2ac48c27df33b70e9c060a9fa4df8c76ae74aa43ceaa1005cf890313851a24: 72550.0
 - fuel sent: 0xb1f2063bdde8e7519388cef1873d7e591bdf8a2e4014c22327ee63a2e50d9440
 - waiting on tx... [success]
tokens sent to [m/44'/60'/0'/0/26]: 0xdb337e86b5776ac3c218770408fb221c7f1634fa57d6fb88aabf94f8524bfd5c
 - waiting on tx.... [success]
 - fuel returned: 0x8e90f8bb1b92ec281768f34c12bb5198ac19e240eb8088710aa63b5fade95a9b
 - sleeping [92 seconds]
0xd7ed76bf4c4b162104689f03241bec0e70db0f509c26ba1a26b1f4bc7c163014: 65658.0
 - fuel sent: 0x61b8a8c68c0b765770c16b6e542c093c6e0f4d51e54ba07972466172bd30139f
 - waiting on tx.... [success]
tokens sent to [m/44'/60'/0'/0/27]: 0x1fd33081dc4a468ecccee101412335c978e878dde72698faa04eb2925e0fe20c
 - waiting on tx....... [success]
 - fuel returned: 0x48cf44dfcbfbcdafdccc52ac1e0a14515735058e3d2ceffc6ffb2cca45f3f693
 - sleeping [10 seconds]
0x48acd00de60e36cf308a0fd4f4b61170efa645ddaf1cc3af9a32b567fb41da06: 77889.0
 - fuel sent: 0x08b36594732dce00ca60e880a31f4964b6aa6a09d4b5de694e2d200a3443484d
 - waiting on tx.... [success]
tokens sent to [m/44'/60'/0'/0/28]: 0x2954554919ce52d4f4c8bde56a77d3e39e5a6b33c0965fdd4b6d659233d7c187
 - waiting on tx... [success]
 - fuel returned: 0x9f59ed57803eecfce8ad7afa0cd92f2e5900b8651a1665ca869f9bd857e0cb10
 - sleeping [31 seconds]
0x26081078778c5d75a14c6409a7b990e48981403f5492c5f4c62fbcc48fe972fa: 74947.0
 - fuel sent: 0x706cb572b7986fd77b33df5f0510e2b7e6f76ed369b0877f00fc08c7f5cd0826
 - waiting on tx.... [success]
tokens sent to [m/44'/60'/0'/0/29]: 0x2b497246f7911d50b7b662e904a2e3b087cdf36f711651527855322ad741f0a8
 - waiting on tx.... [success]
 - fuel returned: 0x93ff7db84dab4384149fb8daca6fc7cb87134e231e4d6596d80e184ae91aef06
 - sleeping [52 seconds]
0xd4a565cce1465a343f14a9ccf99cb953d02b1033cb78e469d8d5742e486441ff: 4495.0
 - fuel sent: 0x4385cc9e8bdac501083f0b997f988d236dca170b4feefc4104a28ec293ed0246
 - waiting on tx.... [success]
tokens sent to [m/44'/60'/0'/0/30]: 0x8d36832bd983b6fc899a841ca6a0b8743f31725f5d3f7bbfbf5301b9d5006686
 - waiting on tx.... [success]
 - fuel returned: 0x28ae36d4a73d62f1ed241908cc65b58cf463ccda7621c53084d7ea453abb4383
 - sleeping [62 seconds]
0xfdbdbcf84d1e952f8eaf5385624e2e80ef470ce2fdc6016433768c0ae933bd50: 76009.0
 - fuel sent: 0x155cbaf4bbbc5fcc7b3592223e867c057a08870c388554fd07fa71451bb1ca1e
 - waiting on tx... [success]
tokens sent to [m/44'/60'/0'/0/31]: 0x5b0c0a08b7a5a12fe60828df36c9034c5902331912f8bb4581c2d1aef652faa9
 - waiting on tx.... [success]
 - fuel returned: 0xbc51ecf7a9b1ed878f3c8d259bb0e4b7ae35b18982d48d856b514afe7c46ecaf
 - sleeping [46 seconds]
0x9ebc9d08528aa8916be04a4827fbf4159e5f27f3fb07a0fdacb4f7f2770dc65a: 20234.0
 - fuel sent: 0xb2a5f25439c7e34eb85ffb73b4c17b8ccfd8c7715c65a674856dd3c119fe6e25
 - waiting on tx........ [success]
tokens sent to [m/44'/60'/0'/0/32]: 0x91c6415e8432dd9abd89e65965888d06fd2e4b28177da78ddab7434a6a21b4fc
 - waiting on tx.... [success]
 - fuel returned: 0x6e5ed404723445b2c96cc2cac38bdbdbd54849e0e39dd4ca8e207c62af1e961c
 - sleeping [17 seconds]
0xc0c7b19a5d4e1e37e07cafaa4d58336cd155af644bd91e8d52bdb4e79fa0e9b5: 8618.0
 - fuel sent: 0xee6fad02dfd4cab26a1f140b64484747189b96128f5129fd6c8b00ca39832a32
 - waiting on tx.... [success]
tokens sent to [m/44'/60'/0'/0/33]: 0xa367c1170c815feebb65ac583250e196a6a24586e144d3461cea5947370e950d
 - waiting on tx.... [success]
 - fuel returned: 0x1207f3ff53becb94a5d3d76fb74906e525c08dc5aae6c79236f51cd9603afea9
 - sleeping [7 seconds]
0x3a5b5bfc14f91fa53395fdc2afba15b39acf59ee737a0747ee37f77417ac3204: 47930.0
 - fuel sent: 0x47f455dac5280654ee93c5b371ea02745fc4f91aae2e52b9be165619dad8ad05
 - waiting on tx... [success]
tokens sent to [m/44'/60'/0'/0/34]: 0x80fdcc5ea04f38bf9a1c275dffb76ca7a912c9e7c55a3d6e3770fe2ddceca40f
 - waiting on tx..... [success]
 - fuel returned: 0x25792c980bc89aafc52999ea3b8ff59428144d926266a0c05f22ec2955cbb25b
 - sleeping [61 seconds]
0x56164b4878a6bd0979841743df83f2297ef1913307b93e5fb50204354073b41d: 38214.0
 - fuel sent: 0x10fdf373707dfe9860b4cb80459f79454c05f915e89546b1d07939da7bc08450
 - waiting on tx... [success]
tokens sent to [m/44'/60'/0'/0/35]: 0xf4d722fe053a1cd0805266db9e4296989a5b7de5f921bcb508bfa3aab9a0ae4e
 - waiting on tx.... [success]
 - fuel returned: 0xd07dd766a6b4c0f9790bff429dc13f80924b24959ac145c15b7b271959a53f6f
 - sleeping [26 seconds]
0x2d63d0d47428fdc81692f753aed91d9ae788b7754269f40ebc167f61a0409367: 77201.0
 - fuel sent: 0xdd15c113256a9b4170f57260001f23e722f0199ad78e469dd5de28f424c2e7e2
 - waiting on tx.... [success]
tokens sent to [m/44'/60'/0'/0/36]: 0x5fa01081ae8a99651b453224b4017d12b9e0a40424716823f6d536936eb5a557
 - waiting on tx............ [failed]
0xfa0e0416b561086b64d8bdaca019e5659354313e7e5a73c109b3433b1bd2b2af: 45615.0
 - fuel sent: 0x0fb32193039fd67a89aa56afe3800aacf6ff5c77d41e6bfcd4a895d8b145a892
 - waiting on tx.... [success]
tokens sent to [m/44'/60'/0'/0/37]: 0xda14c1d492d7f799e8f460ad1fdf33d10ae3b51d3ed95751c55f2ae2284b09e7
 - waiting on tx... [success]
 - fuel returned: 0x9b0eb10d55b777bfec00f722c28be46ac19ef5aac0f90f0e4b84f7a767f6bbc8
 - sleeping [42 seconds]
0x25ae84708fb1fde66bfbd776387c23e51fc40842b150fe6c0ed1f7f44e0950c8: 66000.0
 - fuel sent: 0xf9c8d304448aeb0073c07b4f2057b29d36f4c0a5b721a455d24ff46761660902
 - waiting on tx.... [success]
tokens sent to [m/44'/60'/0'/0/38]: 0x88504df22c5cd44743e464f1cd445fe30ecd205737ea09f731f3d3584a996834
 - waiting on tx... [success]
 - fuel returned: 0x5f936987408f591143f52eab5be10cdb407ae2d530496d97695864b87d24ffed
 - sleeping [25 seconds]
0xf25a7fd144f9b2f66574819961663cb1660c7cd0cd7e338c438f66e440119800: 34134.0
 - fuel sent: 0xcd411012ef8498f1beaa93c458e26680f7be76d51742d04d77cf0a5138db8fcf
 - waiting on tx..... [success]
tokens sent to [m/44'/60'/0'/0/39]: 0xb4e47d889b7ae3fbdded185034f0ab6e79caf35c19ed4801ce698312a0c6459d
 - waiting on tx........... [success]
 - fuel returned: 0xc7f5bf3f9c51af34a66ca24cc72ef5c8afed00ae664788f5d26d746f0ebcd9c4
 - sleeping [102 seconds]
0x8b4274c6c50a067ae08ae6798115683712cd4be6b41529a98a291c7d30c93459: 20371.0
 - fuel sent: 0x7dad718ace68f3def446da4053803738e37f5766fcbe582a373c749836789164
 - waiting on tx.... [success]
tokens sent to [m/44'/60'/0'/0/40]: 0x89909cbcfeedccac67f8452d19099d0051ab493f4a4a0e25071c8d97ac7d160b
 - waiting on tx.... [success]
 - fuel returned: 0x83e508174f589d53dbcee6bf6035eafa53e11f62426cbef1ec5d39e212b84978
 - sleeping [44 seconds]
0x5c42a3f2ebb855791eea7cad9151cc7f9bf867d0e55e6e0491f15af036545381: 12578.0
 - fuel sent: 0x3fdce4d28f25a0c872f49a61fdafd7b3991eef215067ec2ff512b60bebec0eaa
 - waiting on tx... [success]
tokens sent to [m/44'/60'/0'/0/41]: 0xa6ddac1749e1fef7c94bde728a95363d291094cd94ee72a8dd0a16fab5ce1d91
 - waiting on tx............ [failed]
0x1201751a5dffff041a54ba365e1f0c1973a6f454e01afbbe81185c3cb157eef7: 79821.0
 - fuel sent: 0xc650dfdea713bea481986ddd8313d8d07f55cc2a6fdb878f447aaa8ee0d2a950
 - waiting on tx.... [success]
tokens sent to [m/44'/60'/0'/0/42]: 0x454f1c4191c3428447a55085b23a1c50fdd673e6161a7f0df39d3e70deaf26ec
 - waiting on tx.... [success]
 - fuel returned: 0x46532c226c9de55d7106765914e8a452c7d0340eabd7a83679d5e361ae5f2f8f
 - sleeping [45 seconds]
0x4e4e334be3c4da3cef46fb158f48cd134b4da9f046bcea4789fa783fa6f3d121: 3.6044e+22
 - fuel sent: 0xf6fec68ddd078bc529c682abb4e13c17c74c82bd3eb30809e386e538502e0ae4
 - waiting on tx.... [success]
tokens sent to [m/44'/60'/0'/0/43]: 0x4cf2036686b7af696eeee182e308259eb32dbbc2a72e9b1022bc1b178a80d44c
 - waiting on tx.... [success]
 - fuel returned: 0xe97586678c8d9a225416c7d792451b99e55ab3b680df4dc07f53e690101689e7
 - sleeping [41 seconds]
0xb687f1842fa6321ceea4fe3b97b721f48ec26853aed32a8a980539467fe82bd4: 43191.0
 - fuel sent: 0x47733d89ecefc2eb4440a6f6c91de92e4f5c5d359e014786f53fda3728b099e0
 - waiting on tx.... [success]
tokens sent to [m/44'/60'/0'/0/44]: 0x88daa20ccbc2086a24c7587c53f3ff2e3676193586ef695d068c2e618f5c7bb8
 - waiting on tx... [success]
 - fuel returned: 0x334eda3f0bd0fcecf190f6e96c8048867933005875ef6e5c9b0c9b0500768d62
 - sleeping [44 seconds]
0xff0cd9218795b0d99b044b7642ad96c928d5ccbf70239ae309e61c8dde1b65dc: 10861.0
 - fuel sent: 0x69e3723ec2c5dad3c0a79cb32a4c2ac37de85c3800771606e3e29292d1720797
 - waiting on tx.... [success]
tokens sent to [m/44'/60'/0'/0/45]: 0x232d72510c0a821c83a7f2ca31224e6b443fbdacd0b088f44d151e430a370f5b
 - waiting on tx.... [success]
 - fuel returned: 0x2826cb7cf92c1af635fd400c3081c95a55ef8c2b5008dea5700f21f8c3cbe274
 - sleeping [60 seconds]
0x9d6335271c5a24e9e58cfb03fc300f7cf9da70aa9134b1e200ca873a032b73e0: 72636.0
 - fuel sent: 0x27d1634cc1b6cf5f6498984a11793ee67ce2704dbb3ee3bc8cfe406ccf7d9704
 - waiting on tx........... [success]
tokens sent to [m/44'/60'/0'/0/46]: 0x0ded640e441de637961e67786baca35950b13317538a3ecefd2c7adaf25d86ed
 - waiting on tx... [success]
 - fuel returned: 0x514fc2dd85c6542676a88c8d3f14f9a840a1a1fb70f2ec3fe9e4b3197442ea21
 - sleeping [51 seconds]
0xee408a87392b978ead717980942f1214a60cffce5beac9e9ce2f6fb4bc6b6918: 57498.0
 - fuel sent: 0x0e1fadfd0e3f3fd5abc5fbd70d1428d2af7bacb60d8b613691762e52f3ee6396
 - waiting on tx.... [success]
tokens sent to [m/44'/60'/0'/0/47]: 0x9f8f21fa432fccbbd386fd4d024857d2bc03fb7c45e6f25a13da19a96463eaef
 - waiting on tx... [success]
 - fuel returned: 0xfd2f0a16e74381cc9decf611b84bbd6248ea12b6311bcd90264cfc9697cd35e5
 - sleeping [32 seconds]
0xb914e76bd8f28c95f2c49e44f303c3386f576fc8a311787d53825f482ab4712b: 46635.0
 - fuel sent: 0x8b83b45cdb09f57146da3779d630e91969a5eb0aafd2e6f0ec0fcdc9db4625dc
 - waiting on tx..... [success]
tokens sent to [m/44'/60'/0'/0/48]: 0x5ec0640a4fe666dd6416daac97c9fb202667eec5be59fd60816cd76ed2f58a9b
 - waiting on tx... [success]
 - fuel returned: 0xf0fb22d211df67e7b07f777a34e8ab89d094cd3c22510f0fb1397c5229ae821d
 - sleeping [73 seconds]
0x0ce0dbe4f4a42a2426c1f1b8b8dcd0b219ded52bf78e8e15e93f1b83c03488be: 68426.0
 - fuel sent: 0x7627c65400590fe5a477d57970d3529a9225885c34597d4a3dcfe604edef3e07
 - waiting on tx... [success]
tokens sent to [m/44'/60'/0'/0/49]: 0xce62c8b94e8c37bc5e5466d53d21f98e9f9a0684a06221104ac0a9f8674ea2d5
 - waiting on tx.... [success]
 - fuel returned: 0x131b0ebca45c7dc4a7c490e611f47f440484c41eba12e4541e6a58dfa307d1d5
 - sleeping [71 seconds]
0xe357f89aa445a69e9d1752096dd21b8f1c9b4a1b944c16e3db3b3752c8a17656: 45432.0
 - fuel sent: 0xdc25e8d57358ceaa03ee5659941c72a432a7ffeceb3c214fcc1af26a4b8247f0
 - waiting on tx............................................................ [success]
tokens sent to [m/44'/60'/0'/0/50]: 0x40af8e8f781336b47de1d02d3e1ab3a861bacd877e27068f96794002c2264bcb
 - waiting on tx............ [failed]
0xc6d8e8171765041ec6422d8d027e562c1ee87a3b542cb72e693026ed08f7ab3f: 7139.0
 - fuel sent: 0xfad672956718ee9c0e88fdf7ea217a298c5df94ad452d0166ef052c9f26480aa
 - waiting on tx.... [success]
tokens sent to [m/44'/60'/0'/0/51]: 0x63d15dff8385a277dcea73201494b22d355c6c1d520c63d7faa59373ccdc868f
 - waiting on tx...... [success]
 - fuel returned: 0xc655b61e3adde478c81063fb1541e063ee5a28387181937128b17e9a22895094
 - sleeping [116 seconds]
0x8f0f6ccc214cf040fe553b82cc51efca3210ab9ae58a929269f185741a899560: 64311.0
 - fuel sent: 0x5270eb4775c4ac5e4f4358c1f93676696df171f549257e90f6437de333b664ad
 - waiting on tx.... [success]
tokens sent to [m/44'/60'/0'/0/52]: 0x39d93c87199086c5cc73d47c717d478a9c6e70dfa83b1675b2457272947a17b6
 - waiting on tx....... [success]
 - fuel returned: 0x8a66bcd70dca8711c23928cdcba3b3192925b6b19f56d64da13eed4280b121d6
 - sleeping [83 seconds]
0x557b2ff0bc51c44bae92c3ab607b7e3799f5735cdc5e627e6a0148445b439b7c: 49362.0
 - fuel sent: 0xb77b6b33680361dba6f03b7f02313e0d47348ca6b09d3f9390e1269a8a67cad8
 - waiting on tx.... [success]
tokens sent to [m/44'/60'/0'/0/53]: 0x3eb95eba48bac4cac59df72714ef6e2087d71df62f14e7a5c5b8bf3959eef1a8
 - waiting on tx.... [success]
 - fuel returned: 0xa41b5e356fafa79eb0c82632c01a4b3324e9fe215eb6b6f01df787074ca51fa1
 - sleeping [9 seconds]
0xaaefe9dadf611aadd61caec9ed4b888451ad152b2aa3be86f2d2e65e0a6b2144: 86041.0
 - fuel sent: 0x7e220722a288eafc0fa227334ab6032e5eea94b646260d0b918e0adacab96899
 - waiting on tx.... [success]
tokens sent to [m/44'/60'/0'/0/54]: 0xc929b45352994b29b140e924f41bf68961ac88a0d2cdca69743eddf2cea09beb
 - waiting on tx............ [failed]
0xeead7e2f3107a5eee3efb82d3a95328f5b1e88df99f17cc9a4728003e070f55f: 37429.0
 - fuel sent: 0x52d218cafbcc4d2a32e40aefdb8b4af91de3e869b021bd6fc1a6985d3d022fc1
 - waiting on tx.... [success]
tokens sent to [m/44'/60'/0'/0/55]: 0xf654d962a47fddba2086d2680e00f24cc38fcfa6de8e0c19d8fe3a4de5741998
 - waiting on tx.... [success]
 - fuel returned: 0x0b323c75e7af2ff60d0393febb952bb500df1e06518326d0ee0066af37b3042a
 - sleeping [88 seconds]
0x55a8c67ca8d376458d85264e0cdbfc3bb00e0423793c846d7e191634ebe65ef2: 39474.0
 - fuel sent: 0xac1a15652006d5ff31e92fc7b89c873ef29648b020b46bddfc9fd69e84640ea2
 - waiting on tx... [success]
tokens sent to [m/44'/60'/0'/0/56]: 0xddaa0f5a70b4337888a8b118273a8c8b013d2697f367aa4bcf3c9547376b1012
 - waiting on tx........ [success]
 - fuel returned: 0x257396699fe3f3ae27228f8926535c6dc87f7e7191979ac8a1bfaacc32695b69
 - sleeping [13 seconds]
0x36186e61f005e31cb0372ef8bf5d0720821700aa2552aa2df621909d9e25edcb: 89739.0
 - fuel sent: 0xe4529c93793c368b666a06e32e6ba8b094538098d059f01991ffe0ad01602fa2
 - waiting on tx... [success]
tokens sent to [m/44'/60'/0'/0/57]: 0x66f710e2369524c2d6dff25654011e633773bc33db2afa3e4f6b36a891d60a0e
 - waiting on tx...... [success]
 - fuel returned: 0xfe57fdfcbbb0997c053b9a5f8f89ba0df5ab97401becc2fcbd5e6585f9a72ff7
 - sleeping [70 seconds]
0x48bd5a21eaf6d1d6544af65c64553a1845bdbaf09dfe4a5e1a23ea9db3572ff7: 18083.0
 - fuel sent: 0x59cc63a116893c4892dbd2c80b1561b10cdaca9dcfb439153c13d6a32e76300e
 - waiting on tx... [success]
tokens sent to [m/44'/60'/0'/0/58]: 0x5d404fe94fc2fbf4b9e707059ceacf1436d28af2e2fda979684f799b96d7bdd7
 - waiting on tx.... [success]
 - fuel returned: 0x157be66426593324a1c645db06bdd12261fb7eed703a47085faeba899b300323
 - sleeping [84 seconds]
0xa53fff2af400fc5c07f084a8846ff7f801ed6fdb7a50bb5bc5bee2dd8c9a6c8f: 27269.0
 - fuel sent: 0x5a500789917cca7048b5f17472996f0a4cc1a96eb1012f20f8055e2553a95eeb
 - waiting on tx... [success]
tokens sent to [m/44'/60'/0'/0/59]: 0xa15477597500a152f763b02cd2f7eca3d627007d0ce0da96d04e1fcfb76ccc1c
 - waiting on tx.... [success]
 - fuel returned: 0x4f3f82dbf1bf7dbf06d2635c81e4c313e0e08da6d85dff9c8293da59d66ea0dc
 - sleeping [102 seconds]
