0x2eae6c76c51a0632bb0c5525d2d71b0fef4fd50ee047624b09e7afc49a61139c: 14979.0
 - fuel sent: 0x0a6fe6ac8240fe2da9a826fc96ffe24ef65dc78ec595e362ffe666583a9d62bb
 - waiting on tx........... [success]
tokens sent to [m/44'/60'/0'/0/300]: 0x4bfbccee566feba3c98251e0c2a36b0cf10920dee0d0f4867f696e5c6c04c7d1
 - waiting on tx...... [success]
 - fuel returned: 0xafdde2b129d9679e1d5b245833072e7eb4a5fd883157ffffcf406d1d44d15f44
 - sleeping [59 seconds]
0xad1bfe3df7c34ba3b991ebaae385b4b180cf51979b109abb121fedaec7c43dcd: 69324.0
 - fuel sent: 0x83d7896ace048c3e8a58e164579c664113ef231ab806e6f58e9d34ce0b965e0c
 - waiting on tx.... [success]
tokens sent to [m/44'/60'/0'/0/301]: 0x5c6e295cc81172abf61fe260c0768a73dd4338b36fd899265d1bbc066b9c941b
 - waiting on tx... [success]
 - fuel returned: 0xce8692d7e13394a4553f058d9c11a8f20c52c863a0e0f50a161dffda6692fb9d
 - sleeping [103 seconds]
0xad48d1746eacec9591fc340ebe9013fae4ace3339f81d2d5edd2cc7a8d15e9ae: 9529.0
 - fuel sent: 0x75ad6671dad25de30e50862eccbccb551a3cc08ff98f42098a4c3611fe8f5a17
 - waiting on tx.... [success]
tokens sent to [m/44'/60'/0'/0/302]: 0xf6336c6b0b5d18bfec28479d1849795303757c047e9d4224da97beb6c30c3632
 - waiting on tx............ [failed]
0x29dbcbf1b88bcf7273ac05757156463c37dab58c9aa7a9d96a775752db05ed2f: 80351.0
 - fuel sent: 0xaadef7f02ae6194dc5065fd95977818ea97df69cf688270834cbda11b06967c8
 - waiting on tx.... [success]
tokens sent to [m/44'/60'/0'/0/303]: 0x4854a6a45117aa63c68ed342924a20e93a8e2dc6e2c2bffc8f5a1850af51c592
 - waiting on tx.... [success]
 - fuel returned: 0x707164fe135d0bfcd781d6e7275830539b1f2265b69df62d79561b4cac29f02a
 - sleeping [46 seconds]
0x99631b1df699a7afe402f2b538d38ad793e240e1bdd9a017e5763c3e88460e05: 2342.0
 - fuel sent: 0x9512f5f60c49e9760120ac24f69f0690fbe7b21ec1611824b7b6639ea0241a16
 - waiting on tx... [success]
tokens sent to [m/44'/60'/0'/0/304]: 0xc2153cb943bc997b1003b61f6e96352410e57aa3cd37bffee2b2efff55fed3f5
 - waiting on tx.... [success]
 - fuel returned: 0xc87f8f4f9d64c9944b0c699158fb42330204af4a1efae0f7c23f3eccb45b8ac8
 - sleeping [10 seconds]
0x0e0eb3291c8ea5507872fc4460618feb0b881d1725bcc115724a13ddd44c5f2b: 56339.0
 - fuel sent: 0xf25b31cf4a31e1a0a84f63bb1e6ea1a0c25e1d48d1d586068d2ce9aa83b09620
 - waiting on tx... [success]
tokens sent to [m/44'/60'/0'/0/305]: 0xfd556976b01faee297a601a0ad07bfb3009a8aa782f194696e8abf24aa82b56a
 - waiting on tx.... [success]
 - fuel returned: 0x1e6685e45f00a94b5c2576d6dfa11e9311e1662c9d6d2fe71740f145c2309306
 - sleeping [79 seconds]
0xe057da1c01f3c1259229480d045325f016b2051c13957b20567d35946e5c3f90: 45378.00000000001
 - fuel sent: 0x9dcdd1b99168586715944ea11dd40fbd274ccc1444749887deebcd1675dabb42
 - waiting on tx.... [success]
tokens sent to [m/44'/60'/0'/0/306]: 0x1f1ef80039f381836b768fa6874f93f05c11792929ec82892f5ec1c76c25e7ac
 - waiting on tx.... [success]
 - fuel returned: 0x816a11bcf673e6c31c1abf40fc9184d5d7ad6f70c98248f3bee67bf47b95e76d
 - sleeping [42 seconds]
0x625d2ef44c1e5e004c4fe066d0eea482ddc72c37eff835fcf55ee7d158ea931f: 13465.0
 - fuel sent: 0x9313f213ea4c2949abbcb0027750747992a5dae231c16c14290a5052c5ec0ab8
 - waiting on tx.... [success]
tokens sent to [m/44'/60'/0'/0/307]: 0x4fe1e14cbc1f197218c83d60176ce29a011931117189aea77abb2b70761f8b50
 - waiting on tx............ [failed]
0x7f05c85c2ea972fd201c000f97e09b0eb67fbcc86422573095b946d148bb89cb: 32236.0
 - fuel sent: 0xdaf7b9db20fe28efa4e6bf214e2eb170f7e2fd18ade5f18d491ccb0dd56a3a2f
 - waiting on tx.... [success]
tokens sent to [m/44'/60'/0'/0/308]: 0xdcd1785c6c7693d9a7d83fc734e3f43ac181c31d23ee2c48cfa173e894eeffb0
 - waiting on tx... [success]
 - fuel returned: 0x5d342cd2a34ce373ec145e59dadc3117bb22311c2ce2ff0721a1636b969189ec
 - sleeping [46 seconds]
0x5b9302a21f6ba0289e16a891ad37f787fe9ce1c78f2c36fffd9a78d3812f3b56: 4100.0
 - fuel sent: 0xafa6427bf33f2ca75e51306e0258e77003827ff51fed94a4c92fedad7909d81e
 - waiting on tx... [success]
tokens sent to [m/44'/60'/0'/0/309]: 0xdb9f543cfea25bdaab02b4c9802068fdc13331501bb44832e6e861ce0ff295d2
 - waiting on tx......... [success]
 - fuel returned: 0x892a5c24199fce3a9607b0c90354fe40153c14b3a8754ec4da9cb6dee0967c9c
 - sleeping [33 seconds]
0x50abf3a1ee5bcbdc70488e8638d514093e7adefa73fe0a0b7032a338a82653d1: 83827.0
 - fuel sent: 0xe27473a907602743e658b39d019d7e7acaf2609aaed6737480a871908128c743
 - waiting on tx... [success]
tokens sent to [m/44'/60'/0'/0/310]: 0x0003bcfa7dcfe8bdb43886eba41335a59dbe947eb56dc1025c6a7434bf861ff1
 - waiting on tx.... [success]
 - fuel returned: 0x7a79c26af819ee1cee18c2c1b518c0d19ff12b65512860ec2062229d8852b242
 - sleeping [94 seconds]
0x60d834f82aaad0882cdf15585e354557e174b682edbd2662fccf14520b3e5cc3: 24777.0
 - fuel sent: 0xd6deb9e111cd78b63f75686ab6481ed0fa2ff87664a5ea3e8260208007c3f742
 - waiting on tx... [success]
tokens sent to [m/44'/60'/0'/0/311]: 0x3a3093277f98b02385702e4d9929482e5940f77c399ecdc895d3050b183917d9
 - waiting on tx.... [success]
 - fuel returned: 0x49c4fa1282784818afb544e2e0be2059f8f77620bb6c08ac5a7d02fb23551a00
 - sleeping [104 seconds]
0x2071eebcb14c14c69e52050f81c9386f961ff9fd2a1b76baa887d7a515e4abc3: 7841.999999999999
 - fuel sent: 0x3c843224e7aee1e3603cd0a1c03429b0539ab234b703d5558ac7d86cc303a0a5
 - waiting on tx..... [success]
tokens sent to [m/44'/60'/0'/0/312]: 0x8f2c005a4161641700333de79548ce4918b2f5dfa9219667382b29a6128dd905
 - waiting on tx............ [failed]
0x29b56befd51d34d2131176bfbe587f21b43e32a81c095f29f15c3f730f344c79: 54485.0
 - fuel sent: 0x6f1bdb5c8a49563adcd6d5c90c222c4e08b2bedd69fcf725a0e65d1fcc8ff29b
 - waiting on tx.... [success]
tokens sent to [m/44'/60'/0'/0/313]: 0x53079408066c77fcfbd9fb381d91fd93f40c8ce0142e1d9b3607b9a4d1b1118a
 - waiting on tx... [success]
 - fuel returned: 0x4b3342e1f9ede21c0a77ad46dad6c6dcb21bc75e006748dc908478859a462d11
 - sleeping [70 seconds]
0x1f4ae3bfa365107949d07028ba8d131cf7e642a87b2993229d480a5ca2bfe64f: 4827.0
 - fuel sent: 0x7a270358642076d1b09934712e9bb79a943f8f78423bbc99c38bb8a429fc0de2
 - waiting on tx... [success]
tokens sent to [m/44'/60'/0'/0/314]: 0x2922c9c49e68ba972613d00ce7664675f58b9738adcfb0cb82ed3d40570d0664
 - waiting on tx....... [success]
 - fuel returned: 0xc03c40195e8dafd5a39c43e4f4ff1ab4c7baa1b11be60af4010cb3d18a301b2e
 - sleeping [83 seconds]
0xe8402ec0ad1c1ecb1af3989e60e1f370f7c6fdc199282fd0adad1ea9b0797c2b: 47439.0
 - fuel sent: 0xe0e861ca97adbc9a4556d466c3a06b43a33ab47a09f4e20c1f0fa91480e82038
 - waiting on tx..... [success]
tokens sent to [m/44'/60'/0'/0/315]: 0x5f5fdd4b53db74421326e21db2951e03f4a1b15f25920008b645465095597ede
 - waiting on tx...... [success]
Traceback (most recent call last):
  File "/Users/ekkis/.pyenv/versions/3.11.2/lib/python3.11/site-packages/urllib3/response.py", line 761, in _update_chunk_length
    self.chunk_left = int(line, 16)
                      ^^^^^^^^^^^^^
ValueError: invalid literal for int() with base 16: b''

During handling of the above exception, another exception occurred:

Traceback (most recent call last):
  File "/Users/ekkis/.pyenv/versions/3.11.2/lib/python3.11/site-packages/urllib3/response.py", line 444, in _error_catcher
    yield
  File "/Users/ekkis/.pyenv/versions/3.11.2/lib/python3.11/site-packages/urllib3/response.py", line 828, in read_chunked
    self._update_chunk_length()
  File "/Users/ekkis/.pyenv/versions/3.11.2/lib/python3.11/site-packages/urllib3/response.py", line 765, in _update_chunk_length
    raise InvalidChunkLength(self, line)
urllib3.exceptions.InvalidChunkLength: InvalidChunkLength(got length b'', 0 bytes read)

During handling of the above exception, another exception occurred:

Traceback (most recent call last):
  File "/Users/ekkis/.pyenv/versions/3.11.2/lib/python3.11/site-packages/requests/models.py", line 816, in generate
    yield from self.raw.stream(chunk_size, decode_content=True)
  File "/Users/ekkis/.pyenv/versions/3.11.2/lib/python3.11/site-packages/urllib3/response.py", line 624, in stream
    for line in self.read_chunked(amt, decode_content=decode_content):
  File "/Users/ekkis/.pyenv/versions/3.11.2/lib/python3.11/site-packages/urllib3/response.py", line 816, in read_chunked
    with self._error_catcher():
  File "/Users/ekkis/.pyenv/versions/3.11.2/lib/python3.11/contextlib.py", line 155, in __exit__
    self.gen.throw(typ, value, traceback)
  File "/Users/ekkis/.pyenv/versions/3.11.2/lib/python3.11/site-packages/urllib3/response.py", line 461, in _error_catcher
    raise ProtocolError("Connection broken: %r" % e, e)
urllib3.exceptions.ProtocolError: ("Connection broken: InvalidChunkLength(got length b'', 0 bytes read)", InvalidChunkLength(got length b'', 0 bytes read))

During handling of the above exception, another exception occurred:

Traceback (most recent call last):
  File "/Users/ekkis/dev/eth/./eth.send.ls", line 57, in <module>
    tx = eth.sendFuel(to=main, acct=acct)
         ^^^^^^^^^^^^^^^^^^^^^^^^^^^^^^^^
  File "/Users/ekkis/dev/eth/eth.py", line 245, in sendFuel
    amount = srv.eth.get_balance(acct['address']) - gas * gasPrice
             ^^^^^^^^^^^^^^^^^^^^^^^^^^^^^^^^^^^^
  File "/Users/ekkis/.pyenv/versions/3.11.2/lib/python3.11/site-packages/web3/eth/eth.py", line 405, in get_balance
    return self._get_balance(account, block_identifier)
           ^^^^^^^^^^^^^^^^^^^^^^^^^^^^^^^^^^^^^^^^^^^^
  File "/Users/ekkis/.pyenv/versions/3.11.2/lib/python3.11/site-packages/web3/module.py", line 68, in caller
    result = w3.manager.request_blocking(
             ^^^^^^^^^^^^^^^^^^^^^^^^^^^^
  File "/Users/ekkis/.pyenv/versions/3.11.2/lib/python3.11/site-packages/web3/manager.py", line 231, in request_blocking
    response = self._make_request(method, params)
               ^^^^^^^^^^^^^^^^^^^^^^^^^^^^^^^^^^
  File "/Users/ekkis/.pyenv/versions/3.11.2/lib/python3.11/site-packages/web3/manager.py", line 175, in _make_request
    return request_func(method, params)
           ^^^^^^^^^^^^^^^^^^^^^^^^^^^^
  File "/Users/ekkis/.pyenv/versions/3.11.2/lib/python3.11/site-packages/web3/middleware/formatting.py", line 99, in middleware
    response = make_request(method, params)
               ^^^^^^^^^^^^^^^^^^^^^^^^^^^^
  File "/Users/ekkis/.pyenv/versions/3.11.2/lib/python3.11/site-packages/web3/middleware/gas_price_strategy.py", line 96, in middleware
    return make_request(method, params)
           ^^^^^^^^^^^^^^^^^^^^^^^^^^^^
  File "/Users/ekkis/.pyenv/versions/3.11.2/lib/python3.11/site-packages/web3/middleware/formatting.py", line 99, in middleware
    response = make_request(method, params)
               ^^^^^^^^^^^^^^^^^^^^^^^^^^^^
  File "/Users/ekkis/.pyenv/versions/3.11.2/lib/python3.11/site-packages/web3/middleware/attrdict.py", line 38, in middleware
    response = make_request(method, params)
               ^^^^^^^^^^^^^^^^^^^^^^^^^^^^
  File "/Users/ekkis/.pyenv/versions/3.11.2/lib/python3.11/site-packages/web3/middleware/formatting.py", line 99, in middleware
    response = make_request(method, params)
               ^^^^^^^^^^^^^^^^^^^^^^^^^^^^
  File "/Users/ekkis/.pyenv/versions/3.11.2/lib/python3.11/site-packages/web3/middleware/formatting.py", line 99, in middleware
    response = make_request(method, params)
               ^^^^^^^^^^^^^^^^^^^^^^^^^^^^
  File "/Users/ekkis/.pyenv/versions/3.11.2/lib/python3.11/site-packages/web3/middleware/formatting.py", line 99, in middleware
    response = make_request(method, params)
               ^^^^^^^^^^^^^^^^^^^^^^^^^^^^
  File "/Users/ekkis/.pyenv/versions/3.11.2/lib/python3.11/site-packages/web3/middleware/buffered_gas_estimate.py", line 43, in middleware
    return make_request(method, params)
           ^^^^^^^^^^^^^^^^^^^^^^^^^^^^
  File "/Users/ekkis/.pyenv/versions/3.11.2/lib/python3.11/site-packages/web3/middleware/exception_retry_request.py", line 106, in middleware
    return make_request(method, params)
           ^^^^^^^^^^^^^^^^^^^^^^^^^^^^
  File "/Users/ekkis/.pyenv/versions/3.11.2/lib/python3.11/site-packages/web3/providers/rpc.py", line 90, in make_request
    raw_response = make_post_request(
                   ^^^^^^^^^^^^^^^^^^
  File "/Users/ekkis/.pyenv/versions/3.11.2/lib/python3.11/site-packages/web3/_utils/request.py", line 114, in make_post_request
    response = get_response_from_post_request(endpoint_uri, data=data, *args, **kwargs)
               ^^^^^^^^^^^^^^^^^^^^^^^^^^^^^^^^^^^^^^^^^^^^^^^^^^^^^^^^^^^^^^^^^^^^^^^^
  File "/Users/ekkis/.pyenv/versions/3.11.2/lib/python3.11/site-packages/web3/_utils/request.py", line 107, in get_response_from_post_request
    response = session.post(endpoint_uri, *args, **kwargs)
               ^^^^^^^^^^^^^^^^^^^^^^^^^^^^^^^^^^^^^^^^^^^
  File "/Users/ekkis/.pyenv/versions/3.11.2/lib/python3.11/site-packages/requests/sessions.py", line 635, in post
    return self.request("POST", url, data=data, json=json, **kwargs)
           ^^^^^^^^^^^^^^^^^^^^^^^^^^^^^^^^^^^^^^^^^^^^^^^^^^^^^^^^^
  File "/Users/ekkis/.pyenv/versions/3.11.2/lib/python3.11/site-packages/requests/sessions.py", line 587, in request
    resp = self.send(prep, **send_kwargs)
           ^^^^^^^^^^^^^^^^^^^^^^^^^^^^^^
  File "/Users/ekkis/.pyenv/versions/3.11.2/lib/python3.11/site-packages/requests/sessions.py", line 745, in send
    r.content
  File "/Users/ekkis/.pyenv/versions/3.11.2/lib/python3.11/site-packages/requests/models.py", line 899, in content
    self._content = b"".join(self.iter_content(CONTENT_CHUNK_SIZE)) or b""
                    ^^^^^^^^^^^^^^^^^^^^^^^^^^^^^^^^^^^^^^^^^^^^^^^
  File "/Users/ekkis/.pyenv/versions/3.11.2/lib/python3.11/site-packages/requests/models.py", line 818, in generate
    raise ChunkedEncodingError(e)
requests.exceptions.ChunkedEncodingError: ("Connection broken: InvalidChunkLength(got length b'', 0 bytes read)", InvalidChunkLength(got length b'', 0 bytes read))
0x2eae6c76c51a0632bb0c5525d2d71b0fef4fd50ee047624b09e7afc49a61139c: 0.0
0xad1bfe3df7c34ba3b991ebaae385b4b180cf51979b109abb121fedaec7c43dcd: 0.0
0xad48d1746eacec9591fc340ebe9013fae4ace3339f81d2d5edd2cc7a8d15e9ae: 0.0
 - fuel returned: 0x2a8f9d23b25404a1bfe8872076bfb36e43141dfc8ff4d580989ae8aff2e53226
0x29dbcbf1b88bcf7273ac05757156463c37dab58c9aa7a9d96a775752db05ed2f: 0.0
0x99631b1df699a7afe402f2b538d38ad793e240e1bdd9a017e5763c3e88460e05: 0.0
0x0e0eb3291c8ea5507872fc4460618feb0b881d1725bcc115724a13ddd44c5f2b: 0.0
0xe057da1c01f3c1259229480d045325f016b2051c13957b20567d35946e5c3f90: 0.0
0x625d2ef44c1e5e004c4fe066d0eea482ddc72c37eff835fcf55ee7d158ea931f: 0.0
 - fuel returned: 0x6227376ad70846b46167d90cefc4255a6ba1048f4aaffe9985b22ae449d020d7
0x7f05c85c2ea972fd201c000f97e09b0eb67fbcc86422573095b946d148bb89cb: 0.0
0x5b9302a21f6ba0289e16a891ad37f787fe9ce1c78f2c36fffd9a78d3812f3b56: 0.0
0x50abf3a1ee5bcbdc70488e8638d514093e7adefa73fe0a0b7032a338a82653d1: 0.0
0x60d834f82aaad0882cdf15585e354557e174b682edbd2662fccf14520b3e5cc3: 0.0
0x2071eebcb14c14c69e52050f81c9386f961ff9fd2a1b76baa887d7a515e4abc3: 0.0
 - fuel returned: 0x493002dc004bc194b29f4cad3b29cd7ab8766ddf725e722ad347833c3053edde
0x29b56befd51d34d2131176bfbe587f21b43e32a81c095f29f15c3f730f344c79: 0.0
0x1f4ae3bfa365107949d07028ba8d131cf7e642a87b2993229d480a5ca2bfe64f: 0.0
0xe8402ec0ad1c1ecb1af3989e60e1f370f7c6fdc199282fd0adad1ea9b0797c2b: 0.0
 - fuel returned: 0xc126bc91a8cce66c39ccc3e273234b0ee0b4c00ac7255a6a917d786fd54b3819
0xd1c1495bd0de3052bf95677023d3beabcaad3416b05e8c71c357417e91ec6fbc: 12237.0
 - fuel sent: 0x45ac773af2059d5761741f59d188d34e30453261753a8bdf9a4cdc1ecd546496
 - waiting on tx.... [success]
tokens sent to [m/44'/60'/0'/0/316]: 0xf97ba70d92f3faface6517a8144fab59845871d2ad28b92f8eac55f58de48fb4
 - waiting on tx.... [success]
 - fuel returned: 0x8aa5682d973b01401a9d71243a1ca960bd44e117a3d8407dafd4eede75052803
 - sleeping [106 seconds]
0x4fc9335671bd0e3bcfba4cf0a8c2d610fa7a9f6fab6d5e29af15e4a388512fcc: 16774.0
 - fuel sent: 0x825ea413fe8751566b4ccc33dc0af8abb12c3b4adc9ae00b9444ec9a55e3619b
 - waiting on tx... [success]
tokens sent to [m/44'/60'/0'/0/317]: 0x51c8f77eb18efaa8936d04f9514c20a947f3244b02d4f317b1d930d2ee2c3399
 - waiting on tx.... [success]
 - fuel returned: 0x93af2dbc046ac07e04db614d8e0b3d35e3ab858b4e84e06cbf46da95ceb1480f
 - sleeping [27 seconds]
0x443a779083dcd2f04903460edffe58373094e3e0a9e43754a70410d4e18f0e79: 15778.0
 - fuel sent: 0xf5d981ac6fdddfc29de79230ec59166d8cc9dc6243bacc33c63041fba7ebb319
 - waiting on tx..... [success]
tokens sent to [m/44'/60'/0'/0/318]: 0x2b00972a2342653d3ebbb8c3b4284ab9eeef3414cc9f0eeb743ea8bfc77edc23
 - waiting on tx............ [failed]
0x78fc01d9059154b31ec19be7043867db9a2d74cdb1694fe27ab9a24866c2a6a1: 59565.0
 - fuel sent: 0xab48a1b491ed07191e6bb57f0c6fa9a15f355d9cf8b27c47fcc5fd908a8b4fda
 - waiting on tx.... [success]
tokens sent to [m/44'/60'/0'/0/319]: 0x99eb5c9d030d790841e9686fd26f935ca7604acf8f1feb672a515d04e7858d21
 - waiting on tx.... [success]
 - fuel returned: 0xb8ea06de160f6054029f855dd0b6566898043272d2b750b1f3b251e95c9b4161
 - sleeping [19 seconds]
0x865dde51c738cbf4678b11bdc67e38cbbbe99b4e3c111b96e479f63eff2fa8eb: 77858.0
 - fuel sent: 0x16d6b5da03735f439cb11d83a730eece6d01ddfdd34f38f424ad543f660c1944
 - waiting on tx.... [success]
tokens sent to [m/44'/60'/0'/0/320]: 0x80b98c9f5a736aaed644559455eae0f7e619545dcfef2169cbc9bda57b1b96e4
 - waiting on tx............ [failed]
0x0ff77d931dfc9a23b5bd00f30ab5273822a4a1ccb04e2c98339c61facf071020: 21274.0
 - fuel sent: 0x28111a37a007ca15d22c59890559124710521a91d442090b1e4c88bc73c17c0f
 - waiting on tx.... [success]
Traceback (most recent call last):
  File "/Users/ekkis/dev/eth/./eth.send.ls", line 50, in <module>
    tx = eth.send(to, contract, acct)
         ^^^^^^^^^^^^^^^^^^^^^^^^^^^^
  File "/Users/ekkis/dev/eth/eth.py", line 302, in send
    tx = srv.eth.account.sign_transaction(tx, x2b(acct['pk']))
         ^^^^^^^^^^^^^^^^^^^^^^^^^^^^^^^^^^^^^^^^^^^^^^^^^^^^^
  File "/Users/ekkis/.pyenv/versions/3.11.2/lib/python3.11/site-packages/eth_utils/decorators.py", line 18, in _wrapper
    return self.method(obj, *args, **kwargs)
           ^^^^^^^^^^^^^^^^^^^^^^^^^^^^^^^^^
  File "/Users/ekkis/.pyenv/versions/3.11.2/lib/python3.11/site-packages/eth_account/account.py", line 770, in sign_transaction
    ) = sign_transaction_dict(account._key_obj, sanitized_transaction)
        ^^^^^^^^^^^^^^^^^^^^^^^^^^^^^^^^^^^^^^^^^^^^^^^^^^^^^^^^^^^^^^
  File "/Users/ekkis/.pyenv/versions/3.11.2/lib/python3.11/site-packages/eth_account/_utils/signing.py", line 32, in sign_transaction_dict
    unsigned_transaction = serializable_unsigned_transaction_from_dict(transaction_dict)
                           ^^^^^^^^^^^^^^^^^^^^^^^^^^^^^^^^^^^^^^^^^^^^^^^^^^^^^^^^^^^^^
  File "/Users/ekkis/.pyenv/versions/3.11.2/lib/python3.11/site-packages/eth_account/_utils/legacy_transactions.py", line 44, in serializable_unsigned_transaction_from_dict
    assert_valid_fields(transaction_dict)
  File "/Users/ekkis/.pyenv/versions/3.11.2/lib/python3.11/site-packages/eth_account/_utils/legacy_transactions.py", line 121, in assert_valid_fields
    raise TypeError("Transaction had invalid fields: %r" % invalid)
TypeError: Transaction had invalid fields: {'nonce': [AttributeDict({'address': '0x88e6a0c2ddd26feeb64f039a2c41296fcb3f5640', 'topics': ['0x7a53080ba414158be7ec69b987b5fb7d07dee101fe85488f0853ae16239d0bde', '0x000000000000000000000000a69babef1ca67a37ffaf7a485dfff3382056e78c', '0x00000000000000000000000000000000000000000000000000000000000313b2', '0x00000000000000000000000000000000000000000000000000000000000313bc'], 'data': '0x0000000000000000000000009a5f2e0db22ff289d0cc40ef654a19a5b012d8aa00000000000000000000000000000000000000000000003cbe9e2c957086dd870000000000000000000000000000000000000000000000000000051c2a2b512b0000000000000000000000000000000000000000000002280c15cdf812cd537d', 'blockNumber': '0x10a6027', 'transactionHash': '0x038b187eaa0def4305122a484847e2e0a08bf5d6e394f82baf4ab80928c099f1', 'transactionIndex': '0x0', 'blockHash': '0x8afb70301505fb5ca2442cb98b4ac2ea8d5a91751287e31a9eb646022b9bed52', 'logIndex': '0x2', 'removed': False}), AttributeDict({'address': '0x88e6a0c2ddd26feeb64f039a2c41296fcb3f5640', 'topics': ['0xc42079f94a6350d7e6235f29174924f928cc2ac818eb64fed8004e115fbcca67', '0x0000000000000000000000003fc91a3afd70395cd496c647d5a6cc9d4b2b7fad', '0x000000000000000000000000493a401122d858324517c5ec95145dc970c2c363'], 'data': '0xffffffffffffffffffffffffffffffffffffffffffffffffffffffd0cfad288500000000000000000000000000000000000000000000000649d2c967d95000000000000000000000000000000000000000005d6dd8d7a417ca763da6c6a3270400000000000000000000000000000000000000000000003dde87adf284f3888f00000000000000000000000000000000000000000000000000000000000313b9', 'blockNumber': '0x10a6027', 'transactionHash': '0x17acd72a7adcfa2d7380148eed46b1f92f9f6af1c67f957db39687f87df325f8', 'transactionIndex': '0x1', 'blockHash': '0x8afb70301505fb5ca2442cb98b4ac2ea8d5a91751287e31a9eb646022b9bed52', 'logIndex': '0x6', 'removed': False}), AttributeDict({'address': '0x88e6a0c2ddd26feeb64f039a2c41296fcb3f5640', 'topics': ['0x0c396cd989a39f4459b5fa1aed6a9a8dcdbc45908acfd67e028cd568da98982c', '0x000000000000000000000000a69babef1ca67a37ffaf7a485dfff3382056e78c', '0x00000000000000000000000000000000000000000000000000000000000313b2', '0x00000000000000000000000000000000000000000000000000000000000313bc'], 'data': '0x00000000000000000000000000000000000000000000003cbe9e2c957086dd87000000000000000000000000000000000000000000000000000004edd570f3c300000000000000000000000000000000000000000000022e37dadfd92da5b2f7', 'blockNumber': '0x10a6027', 'transactionHash': '0x90aa34abc073e805a60ba69db2882140e9acc10e54752515477ac9b419074637', 'transactionIndex': '0x2', 'blockHash': '0x8afb70301505fb5ca2442cb98b4ac2ea8d5a91751287e31a9eb646022b9bed52', 'logIndex': '0x7', 'removed': False}), AttributeDict({'address': '0x950a24b86aca5c625fc1d88d2c78eadf8ef769dc', 'topics': ['0x1c411e9a96e071241c2f21f7726b17ae89e3cab4c78be50e062b03a9fffbbad1'], 'data': '0x00000000000000000000000000000000000000db13fedbc564ac3bdd372e9175000000000000000000000000000000000000000000000005128d3746f25b90b9', 'blockNumber': '0x10a6027', 'transactionHash': '0xdd453f53b00928a31de9ab83d6374fab1e7222634d8dd604c353c59628102c03', 'transactionIndex': '0x3', 'blockHash': '0x8afb70301505fb5ca2442cb98b4ac2ea8d5a91751287e31a9eb646022b9bed52', 'logIndex': '0xe', 'removed': False}), AttributeDict({'address': '0xf827fa9b46745a876637406e2a3bf0a2766b89ba', 'topics': ['0x1c411e9a96e071241c2f21f7726b17ae89e3cab4c78be50e062b03a9fffbbad1'], 'data': '0x000000000000000000000000000000000000002c793a15f337b0262ccfe66b1f0000000000000000000000000000000000000000000000177f1754ce34d6813c', 'blockNumber': '0x10a6027', 'transactionHash': '0xb2cc38db4e5c92684541b2ff97627904406a1c57060f0e2f32cb2c0da1372a74', 'transactionIndex': '0x43', 'blockHash': '0x8afb70301505fb5ca2442cb98b4ac2ea8d5a91751287e31a9eb646022b9bed52', 'logIndex': '0x3a', 'removed': False}), AttributeDict({'address': '0x950a24b86aca5c625fc1d88d2c78eadf8ef769dc', 'topics': ['0x1c411e9a96e071241c2f21f7726b17ae89e3cab4c78be50e062b03a9fffbbad1'], 'data': '0x00000000000000000000000000000000000000dd6f781978d6d21a2f809d23ea00000000000000000000000000000000000000000000000504c4cd891407200c', 'blockNumber': '0x10a6027', 'transactionHash': '0xab84030ca7523cec0d13b5087ba021a10dc815afb3eedc243d0a206af97969bd', 'transactionIndex': '0x48', 'blockHash': '0x8afb70301505fb5ca2442cb98b4ac2ea8d5a91751287e31a9eb646022b9bed52', 'logIndex': '0x45', 'removed': False}), AttributeDict({'address': '0xd6627823445981c92b77b52337006bd93dcf0a9a', 'topics': ['0x1c411e9a96e071241c2f21f7726b17ae89e3cab4c78be50e062b03a9fffbbad1'], 'data': '0x00000000000000000000000000000000000000009365587e8fd6b24adf90fadf0000000000000000000000000000000000000000000000037f5c79537126fb14', 'blockNumber': '0x10a6027', 'transactionHash': '0xbbfc67e8462308e843c85c3a4499049f5750244baa6d7c3e9045925e4f6414d4', 'transactionIndex': '0x4f', 'blockHash': '0x8afb70301505fb5ca2442cb98b4ac2ea8d5a91751287e31a9eb646022b9bed52', 'logIndex': '0x56', 'removed': False}), AttributeDict({'address': '0x4ff4c7c8754127cc097910cf9d80400adef5b65d', 'topics': ['0x1c411e9a96e071241c2f21f7726b17ae89e3cab4c78be50e062b03a9fffbbad1'], 'data': '0x000000000000000000000000000000000000000000000005aab0f4580295d46000000000000000000000000000000000000000000b52f54365d9a08d32cffc0d', 'blockNumber': '0x10a6027', 'transactionHash': '0x2df2d26379bd945c36a814f4d223045912cfcb3fa7a86780f60998707aa47de0', 'transactionIndex': '0x6b', 'blockHash': '0x8afb70301505fb5ca2442cb98b4ac2ea8d5a91751287e31a9eb646022b9bed52', 'logIndex': '0x73', 'removed': False}), AttributeDict({'address': '0xf1dd3569b7c82e93340d502e0f34a78fcb8e1597', 'topics': ['0xc42079f94a6350d7e6235f29174924f928cc2ac818eb64fed8004e115fbcca67', '0x0000000000000000000000001111111254eeb25477b68fb85ed929f73a960582', '0x00000000000000000000000013c810e4110567b429d33fcb12f9fdbcdbd397cc'], 'data': '0x000000000000000000000000000000000000000000000000006a94d74f430000ffffffffffffffffffffffffffffffffffffffffffffffffffffffc6cb8ba851000000000000000000000000000000000000000000bc71e00d9b8d354d7da6960000000000000000000000000000000000000000000000000241e2dee74dd206fffffffffffffffffffffffffffffffffffffffffffffffffffffffffffe36d3', 'blockNumber': '0x10a6027', 'transactionHash': '0xf99a80337609d4d8f6f12c4b708404d523ed59ffbba302a15a70026e40d5e1cf', 'transactionIndex': '0x72', 'blockHash': '0x8afb70301505fb5ca2442cb98b4ac2ea8d5a91751287e31a9eb646022b9bed52', 'logIndex': '0x7d', 'removed': False}), AttributeDict({'address': '0x848ba1a61a0580bd56665677f28fab4d8f3115d0', 'topics': ['0x1c411e9a96e071241c2f21f7726b17ae89e3cab4c78be50e062b03a9fffbbad1'], 'data': '0x000000000000000000000000000000000000000000000cf9af5f86f8e9ad3c30000000000000000000000000000000000000000000000000123f2ec615c3b743', 'blockNumber': '0x10a6027', 'transactionHash': '0x17ce8a56eafbec1551e70cc7c6aa6b5695ae2d621507cc4d047ae3c4bf815cd2', 'transactionIndex': '0x74', 'blockHash': '0x8afb70301505fb5ca2442cb98b4ac2ea8d5a91751287e31a9eb646022b9bed52', 'logIndex': '0x84', 'removed': False}), AttributeDict({'address': '0xc95df6d534f165eb7869a317620290554e7574a5', 'topics': ['0x1c411e9a96e071241c2f21f7726b17ae89e3cab4c78be50e062b03a9fffbbad1'], 'data': '0x000000000000000000000000000000000000000000b0207da60a850f896d806a00000000000000000000000000000000000000000000000048605a0d8dd84982', 'blockNumber': '0x10a6027', 'transactionHash': '0x743a6cdafe05f5f44557a651155ea407ed6f394047477879d2007986c57b5c51', 'transactionIndex': '0x87', 'blockHash': '0x8afb70301505fb5ca2442cb98b4ac2ea8d5a91751287e31a9eb646022b9bed52', 'logIndex': '0x9c', 'removed': False}), AttributeDict({'address': '0x9081b50bad8beefac48cc616694c26b027c559bb', 'topics': ['0x1c411e9a96e071241c2f21f7726b17ae89e3cab4c78be50e062b03a9fffbbad1'], 'data': '0x00000000000000000000000000000000000000000000121a010309bc163e1d03000000000000000000000000000000000000000000000007a9b0f1742ac89003', 'blockNumber': '0x10a6027', 'transactionHash': '0x9701313d47b7ba8e6b77aa9dd7566fa7a3331195a7a84e073258048ff67d3925', 'transactionIndex': '0x8e', 'blockHash': '0x8afb70301505fb5ca2442cb98b4ac2ea8d5a91751287e31a9eb646022b9bed52', 'logIndex': '0xa8', 'removed': False}), AttributeDict({'address': '0x9ceb11093a26e4e6fb4ef1e6f50599a37d02f515', 'topics': ['0x1c411e9a96e071241c2f21f7726b17ae89e3cab4c78be50e062b03a9fffbbad1'], 'data': '0x00000000000000000000000000000000000000000004afbcefaec52160fb148d00000000000000000000000000000000000000000000000058e96b61e2259412', 'blockNumber': '0x10a6027', 'transactionHash': '0x9701313d47b7ba8e6b77aa9dd7566fa7a3331195a7a84e073258048ff67d3925', 'transactionIndex': '0x8e', 'blockHash': '0x8afb70301505fb5ca2442cb98b4ac2ea8d5a91751287e31a9eb646022b9bed52', 'logIndex': '0xab', 'removed': False}), AttributeDict({'address': '0x9358b934d76acf01fad951c8d581dfd1cd1e8539', 'topics': ['0x1c411e9a96e071241c2f21f7726b17ae89e3cab4c78be50e062b03a9fffbbad1'], 'data': '0x00000000000000000000000000000000000000000088813210c951769131311e000000000000000000000000000000000000000000000000d89d68e02fefc41e', 'blockNumber': '0x10a6027', 'transactionHash': '0xc68ab028fe9e383df4d225f0adc8994917cfe7cd70dca1c713283eca1567dcc4', 'transactionIndex': '0x91', 'blockHash': '0x8afb70301505fb5ca2442cb98b4ac2ea8d5a91751287e31a9eb646022b9bed52', 'logIndex': '0xb2', 'removed': False}), AttributeDict({'address': '0xc6bc9b105a37d11b44654ccc3ba5f76098f2ca38', 'topics': ['0x1c411e9a96e071241c2f21f7726b17ae89e3cab4c78be50e062b03a9fffbbad1'], 'data': '0x000000000000000000000000000000000000000000059318345e1db1e74e43680000000000000000000000000000000000000000000000002be79565b02370fe', 'blockNumber': '0x10a6027', 'transactionHash': '0x297c27ad87ef7364a569881f234010ba611231533f31d02897088a4370c5c27a', 'transactionIndex': '0x93', 'blockHash': '0x8afb70301505fb5ca2442cb98b4ac2ea8d5a91751287e31a9eb646022b9bed52', 'logIndex': '0xb8', 'removed': False}), AttributeDict({'address': '0xb7be30c9cd6c9290b7f24d4147f5a0f604bf28a2', 'topics': ['0x1c411e9a96e071241c2f21f7726b17ae89e3cab4c78be50e062b03a9fffbbad1'], 'data': '0x0000000000000000000000000000000000000001b92432585e41425800ec49fa00000000000000000000000000000000000000000000000081d8df9322d1fe9b', 'blockNumber': '0x10a6028', 'transactionHash': '0x061b0cd4c6ba80d57e2f5021be991fd48312657f629371af21e2835a5118b5b4', 'transactionIndex': '0x21', 'blockHash': '0x02cbf51d79d252cf21c6b07844b056c7e0493fa699d5acaf003806b141f63a97', 'logIndex': '0x4d2', 'removed': False}), AttributeDict({'address': '0x6178081202165c521c80b95d2c7ef54893c7232c', 'topics': ['0x1c411e9a96e071241c2f21f7726b17ae89e3cab4c78be50e062b03a9fffbbad1'], 'data': '0x00000000000000000000000000000000000000059989d75fb23b5e7610db54520000000000000000000000000000000000000000000000024338ec743b1da19a', 'blockNumber': '0x10a6028', 'transactionHash': '0xc4cd3a8f72cf854ad13df216d7d026a745fc118a7e0950e101fa06bf7a4dde95', 'transactionIndex': '0x23', 'blockHash': '0x1958921aa6fe6b5410b5099af25639adfab46fce7155d02fad49d65e96fc671e', 'logIndex': '0x4d7', 'removed': False}), AttributeDict({'address': '0xc44b090a5ec6dcf7b0a3bfd3d34d3a12732b27df', 'topics': ['0x1c411e9a96e071241c2f21f7726b17ae89e3cab4c78be50e062b03a9fffbbad1'], 'data': '0x000000000000000000000000000000000000000000000000217fd029c317114f0000000000000000000000000000000000000000000000064133a0bbcdc4e970', 'blockNumber': '0x10a6028', 'transactionHash': '0x22404ff5db9f276e1e9008a109a213ceb7ea4a880ca0665fa44743915e05d9a9', 'transactionIndex': '0x50', 'blockHash': '0x24e11c2b528d4859b81b3071a1b3afd510399156e0827e24b8690e66af3b2984', 'logIndex': '0x54e', 'removed': False}), AttributeDict({'address': '0xbdac5b5aa51b99c6c11ce05df4a1c78cecc2375b', 'topics': ['0x1c411e9a96e071241c2f21f7726b17ae89e3cab4c78be50e062b03a9fffbbad1'], 'data': '0x00000000000000000000000000000000000003097b100320c18885ebe4cfed16000000000000000000000000000000000000000000000008fbbec6a762a68218', 'blockNumber': '0x10a6028', 'transactionHash': '0x13a5390d5cdda84ff18957a1b8b3e66404e43be0bede4110bcc67239daaf5fe2', 'transactionIndex': '0x5d', 'blockHash': '0x031418ad62081718918b26b8b8daa4f87e5ffefa2f8b0e90159521314b8843f4', 'logIndex': '0x556', 'removed': False}), AttributeDict({'address': '0x2644fc910131a35ff0727323e05e2df032816f2b', 'topics': ['0x1c411e9a96e071241c2f21f7726b17ae89e3cab4c78be50e062b03a9fffbbad1'], 'data': '0x000000000000000000000000000000000000000000000424a33860cf21189a8f0000000000000000000000000000000000000000000000007a0fdf3cf8cfc966', 'blockNumber': '0x10a6028', 'transactionHash': '0x4590e0ae0ccde0df74d0b55657d3bb55b1bf7b1064a2b9dd599fa12cf5b2bbf9', 'transactionIndex': '0x70', 'blockHash': '0x9b683c351c559842c13424d12eb628ae7664c12c5a63f61402d4513df7e6d022', 'logIndex': '0x56b', 'removed': False})]}
0x2eae6c76c51a0632bb0c5525d2d71b0fef4fd50ee047624b09e7afc49a61139c: 0.0
0xad1bfe3df7c34ba3b991ebaae385b4b180cf51979b109abb121fedaec7c43dcd: 0.0
0xad48d1746eacec9591fc340ebe9013fae4ace3339f81d2d5edd2cc7a8d15e9ae: 0.0
0x29dbcbf1b88bcf7273ac05757156463c37dab58c9aa7a9d96a775752db05ed2f: 0.0
0x99631b1df699a7afe402f2b538d38ad793e240e1bdd9a017e5763c3e88460e05: 0.0
0x0e0eb3291c8ea5507872fc4460618feb0b881d1725bcc115724a13ddd44c5f2b: 0.0
0xe057da1c01f3c1259229480d045325f016b2051c13957b20567d35946e5c3f90: 0.0
0x625d2ef44c1e5e004c4fe066d0eea482ddc72c37eff835fcf55ee7d158ea931f: 0.0
0x7f05c85c2ea972fd201c000f97e09b0eb67fbcc86422573095b946d148bb89cb: 0.0
0x5b9302a21f6ba0289e16a891ad37f787fe9ce1c78f2c36fffd9a78d3812f3b56: 0.0
0x50abf3a1ee5bcbdc70488e8638d514093e7adefa73fe0a0b7032a338a82653d1: 0.0
0x60d834f82aaad0882cdf15585e354557e174b682edbd2662fccf14520b3e5cc3: 0.0
0x2071eebcb14c14c69e52050f81c9386f961ff9fd2a1b76baa887d7a515e4abc3: 0.0
0x29b56befd51d34d2131176bfbe587f21b43e32a81c095f29f15c3f730f344c79: 0.0
0x1f4ae3bfa365107949d07028ba8d131cf7e642a87b2993229d480a5ca2bfe64f: 0.0
0xe8402ec0ad1c1ecb1af3989e60e1f370f7c6fdc199282fd0adad1ea9b0797c2b: 0.0
0xd1c1495bd0de3052bf95677023d3beabcaad3416b05e8c71c357417e91ec6fbc: 0.0
0x4fc9335671bd0e3bcfba4cf0a8c2d610fa7a9f6fab6d5e29af15e4a388512fcc: 0.0
0x443a779083dcd2f04903460edffe58373094e3e0a9e43754a70410d4e18f0e79: 0.0
 - fuel returned: 0x55aacdc1666f38174db6e959f72eb29a8a1d946deba9bd8691d0f0138e6aeb21
0x78fc01d9059154b31ec19be7043867db9a2d74cdb1694fe27ab9a24866c2a6a1: 0.0
0x865dde51c738cbf4678b11bdc67e38cbbbe99b4e3c111b96e479f63eff2fa8eb: 0.0
 - fuel returned: 0xa1f9c138da994c8bd978152a7e19e3a824dc578ffb69388894bae9522a4150a6
0x0ff77d931dfc9a23b5bd00f30ab5273822a4a1ccb04e2c98339c61facf071020: 21274.0
tokens sent to [m/44'/60'/0'/0/321]: 0x7eeaa640329e399b87638003a70e8d2f98e3390464dd4f98702fd02ff6a66719
 - waiting on tx............ [failed]
0x9d0a8a5bbd487e7252365b5c5f5233189e9fb9c03b446d2bb60dbddafd8374c3: 83512.0
 - fuel sent: 0xb73ff3a962adbddf969641c3fbd20b79a013df5a08fab508c010dd01a0d6fafc
 - waiting on tx... [success]
tokens sent to [m/44'/60'/0'/0/322]: 0x2e65dff4ffd9241111578266fa6f7b3a899682a194c0d5495fd89c2a8edf24e3
 - waiting on tx........... [success]
 - fuel returned: 0x117133d61ad9df9df1cbdf988be9f10ad960d439cbe2b5ccc2ca04f4ff9fd7fe
 - sleeping [98 seconds]
0xc91dca0877b21d49eac7dab3e50d93b43e9c91ea5f36e6ec04e9288394f7e1de: 30753.000000000004
 - fuel sent: 0x82a3e6f22a6a913b4db9154aea82e2c460afa06eeac0f4ce7fc627a25539a847
 - waiting on tx... [success]
tokens sent to [m/44'/60'/0'/0/323]: 0x72269920aa74522ccf13112ba94cffdd4c86c04270085fcf3d238b00570f5382
 - waiting on tx.... [success]
 - fuel returned: 0x796069579a1a866682c92af9d838e14531fa03fae32918d5d0c2211c7ef7dfcf
 - sleeping [53 seconds]
0xf24396d74b9b55eb588c8614f2090497e952154945a46c38c80c31ddf537e0ee: 8210.0
 - fuel sent: 0x38e7b7cc7b9c84a8923121bd4644f5290911c37b692df49e3ed078d33bb8ba4a
 - waiting on tx.... [success]
tokens sent to [m/44'/60'/0'/0/324]: 0xd20706d4a995568bae2843294aba3d54b5d2798dec1f61cc088acc19b64fc06f
 - waiting on tx... [success]
 - fuel returned: 0x6b4c7c3ce5e39ba7fb3309826fd90852bd0750ae8829aab45605432cad70043c
 - sleeping [33 seconds]
0xa57fdf741442b660b5c3998e85524a9ececddc6a974453e8bff68b57c4ec47ab: 19774.999999999996
 - fuel sent: 0x6750f8926e4b8af0d70997db47d60a99904bcc67bfd95505b69ed9990df948bb
 - waiting on tx.... [success]
tokens sent to [m/44'/60'/0'/0/325]: 0x75f0cdb2e6a8f8b308c785690bc7f38d392fee0ee2a97fe619f66e990846be27
 - waiting on tx..... [success]
 - sleeping [28 seconds]
0xb8af283056483bf02c9e099b8e152f14634d618e2b622c37a6d9c55f36c8c912: 88038.0
 - fuel sent: 0x531d4224bb1136150f102d7426b0c4915f1bb031ceee7142acdd717e726aface
 - waiting on tx.... [success]
tokens sent to [m/44'/60'/0'/0/326]: 0xaa9fdaf3d87ca7803625e0235b94c4ace6124e5545d623972b602fe580f8a416
 - waiting on tx.... [success]
 - fuel returned: 0x2fb40aeb772ca3d45f1a9c21b1d3bbdad75838c80d3ce84445f110cb1c50a8bb
 - sleeping [32 seconds]
0x88d0ce4e9b0a26bd5152a3841d487ad98e7e5e981bd856048a2b2e7119077875: 82656.00000000001
 - fuel sent: 0x0dc0da4b6457085929525dadf2c7ea3adb6b64e99f3153daf67f26081e609092
 - waiting on tx.... [success]
tokens sent to [m/44'/60'/0'/0/327]: 0x1825e52b5ff5d51e701296ae33472b4de7a08a8b710f849876304addff3ee1f2
 - waiting on tx.... [success]
 - fuel returned: 0xf9581fea828fbb25267332bd8aca89e4ed3ebe964cb587ea5c979a18b0be95b5
 - sleeping [8 seconds]
0xecc0b3a3f22d3b6da6dff5cf6cdb6faac59794a2cb84b809e0e01f7e24d997d9: 48265.0
 - fuel sent: 0xb5677d41b86a8739d864334cbedaae9cd91c4dfa4406da1def74d40657dea43e
 - waiting on tx... [success]
tokens sent to [m/44'/60'/0'/0/328]: 0x28bcbcc8cd156bcbddcae784cb7ef47eab83f1f4f0b1927e954e2cfedb72ffb9
 - waiting on tx.... [success]
 - fuel returned: 0xe5104ef2cea32f1e0f2327aa5fd2d7b40e2dc7b692e085dac00b009ae2922ed9
 - sleeping [51 seconds]
0xf7e342ff882c299193e06f4f2458836f06066d296df8909ac1af051bb532e1b0: 55560.0
 - fuel sent: 0xd64991202f4c731cc7a6e383dda6a374ddf6fc869cfc475b00a0e962fdbbf5c8
 - waiting on tx.... [success]
tokens sent to [m/44'/60'/0'/0/329]: 0x0ba26a958ebc931d7eb3b245982e1d12abd4358c3cfac553a6d4b4b4ee3fe84f
 - waiting on tx... [success]
 - fuel returned: 0xf41e72f7be703fc5b0d4784390190aeb7efee71ca95fe4045daeb723cd0b8fa9
 - sleeping [120 seconds]
0xe316a0a6438e57a4d4fc2b389019f441babc1544eaf3d58ddd06c9f0c9bc72dd: 70981.0
 - fuel sent: 0xa5bf075765778e8122f384fdc873dc14ad01660f44a0f254806244f6c9aeb667
 - waiting on tx.... [success]
tokens sent to [m/44'/60'/0'/0/330]: 0x0ebdfe8456eb87c8fec384e0609a8855371b544819ad99b99f74e8e98f2167d5
 - waiting on tx........ [success]
 - fuel returned: 0x0b288df0870fd073283db4db6e28a74fece7b08edf9f40aaf762ae79df4806bb
 - sleeping [78 seconds]
0x9275f6fa27507ce0e4cac0716c77d4b0d9116b3c130c78fee434258d13fd5cc9: 89851.0
 - fuel sent: 0x13f0c9ef0365566bb7f8806a262b59b40380659a010707dbeb7b63ae0f8aba69
 - waiting on tx.... [success]
tokens sent to [m/44'/60'/0'/0/331]: 0x5618e5897144ec54b7788d7545eab48bec4fe6834a2f3f751b6b2ec73a63d95b
 - waiting on tx..... [success]
 - fuel returned: 0x2660cddbaf042e74988e6caf265487698a464beb4f87faa4c4c7bf326512bcc4
 - sleeping [107 seconds]
0x23295934776489c6af5144ea0de55ca8b3a257876179bbd791d9aed1c981f841: 5843.0
 - fuel sent: 0x8b15fb0cde203eebadf4f3ec7fddf28484d062fab840ecc4ef596394fe7c783b
 - waiting on tx... [success]
tokens sent to [m/44'/60'/0'/0/332]: 0xdfabfd17b2724bd5dadef61a72018372438bd7759a5214d6923f3ec12a9df9be
 - waiting on tx.... [success]
 - fuel returned: 0x4f5ef53e3528f4333635996bb976c9deed25b8d93368c2d30eff25cc51d4b15e
 - sleeping [64 seconds]
0xe428766b3a8b6541e58bfc2520be0e61defc61cfb769acbb3ed8ef6301b57625: 85332.0
 - fuel sent: 0x7160edade6053328fee9620c06c5e04299a34428c94dff74de5bf11e9bdba37e
 - waiting on tx.... [success]
tokens sent to [m/44'/60'/0'/0/333]: 0xac9141c35785e42cc1c5bdedaec0c124e5092e18255605f4d1e6935f1862549d
 - waiting on tx........ [success]
 - fuel returned: 0xaff02eea4ac2450c4fdd6ccac4b85723f37a607b626b57490b9214e366630437
 - sleeping [75 seconds]
0x60ff362fb492d6aba801d5693aee292bd6f6e777f5eaf8a1c01dff0f441f0768: 63261.99999999999
 - fuel sent: 0x04be60702867da6d9f5251528fe98f9f2f0d70a4bf01b309d57290f795784514
 - waiting on tx... [success]
tokens sent to [m/44'/60'/0'/0/334]: 0xf740f54ded5b121d071ab531488611353f7cf4ec81f610cfaabc7e03c1e759d2
 - waiting on tx.... [success]
 - fuel returned: 0x73ea06b3a65f02bf87c462d39f80462d1f776d4ca225a6eeb9acbc43eb9ef9a2
 - sleeping [73 seconds]
0x0be4e1d07a243bf35599fb033d8d3af98d5f7baadfb4eabd95e34fb69a8bdd35: 16733.0
 - fuel sent: 0x51d38758e408daec0fb69e0cc5d012dd0bf4eef630342f0296ce942a4cd986cb
 - waiting on tx....... [success]
tokens sent to [m/44'/60'/0'/0/335]: 0x6af3ce85bd8cf30c1d06dfe143d5754854f032fc2ded4bf6eec64dbfba73ce35
 - waiting on tx... [success]
 - fuel returned: 0x2a7dd49c6f6c14870875b1d338c8b4438444dbd0c40966c557cb6cf4518b6c3a
 - sleeping [64 seconds]
0xa7b85ad48ae86e1ebf33e05276dc5491f7f46e17154961b9bfcde9b2ec95bdb5: 16073.0
 - fuel sent: 0xc9d4e907dcbaba3b861b97f3506dda42f68116d3b7e6ffbe353e8ae896f82749
 - waiting on tx... [success]
tokens sent to [m/44'/60'/0'/0/336]: 0xbdb9aed65780d55f987a67651630212c3257fe82e3a73aede225e2ecc2756183
 - waiting on tx.... [success]
 - fuel returned: 0xe424fc54c6f601ea5dbc2cdca3f55305335dd9c27c8c95b384ecff7c53461f90
 - sleeping [51 seconds]
0x0976d78a6be330bdfb8d25a19283e525802415a12af1eb52b96483a7c7267964: 48988.0
 - fuel sent: 0x7821289263ae55b2d5165d0ef12b1d90b5e8610d8a95265619ee8840f6b90ce2
 - waiting on tx.... [success]
tokens sent to [m/44'/60'/0'/0/337]: 0xcb885554a8df32109c103d0b2cd12d3b80d771a47a5327f76d24ed5ee729cd05
 - waiting on tx.... [success]
 - fuel returned: 0x7bcb0fdae89b1ac237938665e7d95775bea27171e646266ef72e407c527f12bc
 - sleeping [10 seconds]
0x316ad3f905406de7a618fcfdde572c8fd124a7eb93273bce321c0614958f97fd: 39351.0
 - fuel sent: 0x34078e5f9914f4aefb3e1288f8e2235f55c893e7a899669c32cec7230b2f92ac
 - waiting on tx....... [success]
tokens sent to [m/44'/60'/0'/0/338]: 0xc26e46ad1f1c75b4e3d80cb11a5605c9972b8cf04fb48e4e8dd219d48d41ffa5
 - waiting on tx.... [success]
 - fuel returned: 0xf2a14a78e5812bb74ca8ee094b6c1f87221ee45c0bf620820beb5e3b4c30b916
 - sleeping [114 seconds]
0x5a2902adab7501c50ecb974fd57affde6e20ad1feb6d8a6c6a4ee65560023b93: 20786.0
 - fuel sent: 0x2b67d74ab7f01a1f68f039db177e681ee4260e8a35fbacb44ffbec92cae304fd
 - waiting on tx.... [success]
tokens sent to [m/44'/60'/0'/0/339]: 0xd4aaa6a40bcb46d12b8c9f5de12207fc3331925de6840b87bc354c328f78f4fa
 - waiting on tx............ [failed]
0x7a6b0c08a51d0a5a13d3c9fe3585c39264696d87baf742943ee1b94b3a2f1753: 79958.0
 - fuel sent: 0xf45c711db5b14cc3def65da6cdcd9f6009a5466d4fea7e4bd45c606c70a16c15
 - waiting on tx... [success]
tokens sent to [m/44'/60'/0'/0/340]: 0x33a30dc1e7f25a33c409f43e752f02a461e7eab630342a6824d2e728e5a7f452
 - waiting on tx........ [success]
 - fuel returned: 0x305cc5839709e257e6601196baf5d8e9e26cd40190c4fa17cc3b9bad204e3e38
 - sleeping [120 seconds]
0x94c9c2db2b7b023cd7c99afea9d41da0edfa36330dcaf7f93a4ca699c178e8f7: 47478.0
 - fuel sent: 0xea1f13aa59a08f66d453c69de7bd1bcbf17de5cc0ff5a9f3fbc0ab99289ebefe
 - waiting on tx... [success]
tokens sent to [m/44'/60'/0'/0/341]: 0x7ddf77addd3ac0bccf2ba0b219e659cb3e328a1caab83a5b227e0e5be71cccc1
 - waiting on tx.... [success]
 - fuel returned: 0x81d02b082d6745801f6bd434451d948a00f653696cc23059e7f65f0887639d48
 - sleeping [29 seconds]
0xa2ad7a2797dc00dc6de32e946a79b2a60d9b8dcc74e1291d94c72de664029099: 5401.999999999999
 - fuel sent: 0xd8943f12e585d41afa3d6e658aca1d399929e241b91db6f13d880547467916db
 - waiting on tx.... [success]
tokens sent to [m/44'/60'/0'/0/342]: 0x7900631ee11d61bc018119c3545b94a442c0f6b3a88dcdda3140eb3b4629e947
 - waiting on tx.... [success]
 - fuel returned: 0xcf4e331a0612d13da6940895aaf27713723811dfa044d4e3885a65909b00e92a
 - sleeping [73 seconds]
0x889d7dff122dc3981cd6973b17713aab4f79a73f4a8e38c40aa43f0ceb9c49c5: 0.0
 - fuel returned: 0xd6d18fb5aa242dfe431c9bd79244fcddac8eb499afae7c527d6a92e544ef3b94
0x1eb8b2efc5b11cb65cfe9077fc19ec6d618927158af77beec3371e164e5be4bb: 48046.0
 - fuel sent: 0xaa24bd0f5999eed34db2aab330681277092490d54daea6d5bfb7efa264e3971b
 - waiting on tx.... [success]
tokens sent to [m/44'/60'/0'/0/344]: 0x0e6022eb84090f45d63f42a9f64151bcff7dbc92df87e67c7ad171db1650a529
 - waiting on tx.... [success]
 - fuel returned: 0x1177036fdda4d6d0c2486e2f68d09ce0c949d5e9231a24cd8d75cda0d16e1ed4
 - sleeping [110 seconds]
0x5fe79eeef8363c0c96cb6c716a9ed3f4cdba5817736a92d72af3dac9f45db96d: 32427.0
 - fuel sent: 0xbbec3119b56ff7a9f1aed8ae6e48be47510a0833c85b47b98425710aba373a3b
 - waiting on tx.... [success]
tokens sent to [m/44'/60'/0'/0/345]: 0xc00f82da8abe5c8eac444ff361abfbcb9298e8a057aca396f7431a78f62582f4
 - waiting on tx...... [success]
 - fuel returned: 0x79c883f7cdc3d32de3201f57a2f21ee884a48a50516197a780f5ae092e1033a3
 - sleeping [90 seconds]
0x089c95e1f3d8b16a5a59acc6a04cbf18cf13c45e22ecae4df5f5b589a11cb4aa: 68816.0
 - fuel sent: 0x648169f52509817ac5e5482d87864b18ddffbae3b48574e06112416d7f4a936f
 - waiting on tx.... [success]
tokens sent to [m/44'/60'/0'/0/346]: 0xd5614bf0f0f8901961061384ce98dadd47a04efbb81c9c4306c7fa3e3b449fcb
 - waiting on tx... [success]
 - fuel returned: 0x8b8f83f2a91a7ee4aafd30f9822f6b15d40d54a1879ce0a2e7177b96e18bd7c5
 - sleeping [61 seconds]
0xfe2cb09d4338e9064db15fb9b81f2c7f03f003d87fac0012414d361c943a8571: 89255.0
 - fuel sent: 0x57e547cad8260a22f489a112d59c021ee95e955ee030e387dcfbfb3c496f5286
 - waiting on tx..... [success]
tokens sent to [m/44'/60'/0'/0/347]: 0xaaa4005ab8711734a5c05a18a245fbb026e0941f94d91add12bf329ab3452146
 - waiting on tx............ [failed]
0x2c797adf200e84d099308a22e45834cf7a98fb6705796aaf21100f1548fe9f19: 43659.0
 - fuel sent: 0x0b3feffad1930e8ee2295f64bd01114530b87b91c882024131b93440afffbd8a
 - waiting on tx... [success]
tokens sent to [m/44'/60'/0'/0/348]: 0xafcf3ee9e8728106d5af5d40097ca4bd39c8105b72fa47004f3685400cdb12df
 - waiting on tx.... [success]
 - fuel returned: 0xaf7c2d92ba5d8490c8d68bbb9f83272bf8f317881e6a993f7f243fe35af2aaad
 - sleeping [84 seconds]
0x6d5752e6826ecc0c3e320496aa9cf69e7fa1b780e407c400aca7c859ef16b085: 49260.0
 - fuel sent: 0x5c9b6e1571c6abaa1f00cfca7afecd070fbe10089c49f51018255de33154c542
 - waiting on tx.... [success]
tokens sent to [m/44'/60'/0'/0/349]: 0x2ac4c535477e064c0ca999f4b7af4b064d1c028a7b15f5664a16e36cefe3425f
 - waiting on tx.... [success]
 - fuel returned: 0x2e58b7d1a271d1d4db36e38d8b28cb662ebaa7742ff719cd2854609214baff2e
 - sleeping [63 seconds]
0xc13b3e15cccda3ed10dac96deb1165cc02ea1ef18abea4d029e670d59e166e4c: 87561.00000000001
 - fuel sent: 0xfb10df2d143cdda06d971efe5f514a549cf027544764ffdf5fe9b0b022f749be
 - waiting on tx..... [success]
tokens sent to [m/44'/60'/0'/0/350]: 0x191af196f6fb723bbfd3c81f0e8b016407cc27cc64b33edb3de47f7f1b407140
 - waiting on tx... [success]
 - fuel returned: 0xa7cb1e69cd25b89034efeb6553a322272cd56117fd93386c3d17a101bf169a43
 - sleeping [18 seconds]
0xbe39ede3a1ab15ce71fd69391d585824966b3fd44275fd9fef7911310274e5ee: 7393.999999999999
 - fuel sent: 0x11beb53acfe06322fa00a567b7877fae1dbb35bafa4f154259ad636808d94fa5
 - waiting on tx............... [success]
tokens sent to [m/44'/60'/0'/0/351]: 0x3deeaa34dbce8025209d5222674745918d2b3dde57ceff5bdcad90ab17b866e8
 - waiting on tx........... [success]
 - fuel returned: 0x209aa198b666b007121278625c1bd830ad1b8fbf6698e99642fe9c8dd75560ec
 - sleeping [44 seconds]
0x12c1c6529e75af01242a2c05fcd5147e135e230dff32d623b9c768ddef9828bf: 76898.0
 - fuel sent: 0x8432c6dc8d4c2b4f0b0397c43ed66c949b58f8f59d6c85338c4cb71e7779ef41
 - waiting on tx... [success]
tokens sent to [m/44'/60'/0'/0/352]: 0xe257ae8db01ae527ea5408726c2ec69759ae82be1afb78d16ec695fb32f4f50d
 - waiting on tx............ [failed]
0x3888dc21c254b015997cdf7c693502cdf3b1e13508f7e2a49a852526f00748e8: 34413.0
 - fuel sent: 0x268dd3068544cb1627587b7e107789fd5725c48251c12c21399f44372398bd4d
 - waiting on tx... [success]
tokens sent to [m/44'/60'/0'/0/353]: 0xa091da3e383a74b16a77e29af972adfce356734b4cddb8e758daaa86ad474b62
 - waiting on tx... [success]
 - fuel returned: 0x7e7922e509772b782187806db14c8fcb40b9a4f8b28b2483e75573f5df9d0210
 - sleeping [75 seconds]
0xb493f19475e37820e437d7e69cdb7ff963ec3dd260d29377b9407e14ef15226b: 44012.0
 - fuel sent: 0x2772adcdfad04749859d6ef4bfc60ec1fc661e6a220d7f46681756827c8ec3fe
 - waiting on tx..... [success]
tokens sent to [m/44'/60'/0'/0/354]: 0x7f952b2f2fc640a56aff7e0d81b3e71daef3c2b1700fd2db4aa050ff9b5964a8
 - waiting on tx... [success]
 - fuel returned: 0xf9f5284064b41318f014deffcf6b2d0a28b7d69f67445b344b0ce5d44c1f74bc
 - sleeping [113 seconds]
0x5aede9a0efa855e8fd3df0db008d6ed32d5629867c9e8fb68e76e312a357f4d8: 15921.0
 - fuel sent: 0xf01132c4c48447afd03f62f56c82398f46fcfa1276b0c1fa44799a98c98d058e
 - waiting on tx....................................... [success]
tokens sent to [m/44'/60'/0'/0/355]: 0x993b4003bc090786a3243f36f66928c4fdebf9217c747265181281fa07d09095
 - waiting on tx... [success]
 - fuel returned: 0xea5e3a3431df422768385ca7716376f14641d9fc600a9b41a5ee11676e50541b
 - sleeping [15 seconds]
0x011028be49230865d0a6e79d442eb6560c76d27fb85d968e883604884d61d73c: 63980.0
 - fuel sent: 0x2a04381a7085c63834ef347ec35b95808f1fd76758f04ffc92f5c9c708e1bfe1
 - waiting on tx... [success]
tokens sent to [m/44'/60'/0'/0/356]: 0xa1f62e42e0a51ab3d5b4e3a25fd7646254b153b77e51a09b46f68a60183dc7e6
 - waiting on tx.... [success]
 - fuel returned: 0x25eb301ce286102ec80abb19127e7116a45af2dd1aa14dd7800cc75f7a392597
 - sleeping [41 seconds]
0xa7089f04820f29e19ab63b1a695d9245d14f5afa6b7f7e5e5c37faa0401ded38: 81484.0
 - fuel sent: 0x30dcd5a1c2f6082d8638374bb3285986d82690bf150de853700cdc4b1e974f05
 - waiting on tx.... [success]
tokens sent to [m/44'/60'/0'/0/357]: 0xbeb0ce0e6078c018a2bf0d16b4bf3b2c515add75baaf8682ebba08bad376d28f
 - waiting on tx........ [success]
 - fuel returned: 0x505b415e684f3e7f840cd584b4aa656acd210210452fa06df68e5a1dab646d94
 - sleeping [94 seconds]
0x054e4d87b29f04a17d4a785f4dcdbb550d514b65e7160ffdcbc49dae76f11fea: 58068.0
 - fuel sent: 0xa383f8d11393ebcf2b741b3673d65d61c76cf210ea43a8933ff0fb74dda2798d
 - waiting on tx... [success]
tokens sent to [m/44'/60'/0'/0/358]: 0xa84e8efb35a6498f4fb49ca96318c55d3eb6f0a4d629448cb80e4cefc86cdaf3
 - waiting on tx.... [success]
 - fuel returned: 0x97e94000d76b5407bacbbe79a72a6769a7fb427850bcdef66e752d300a5e64be
 - sleeping [39 seconds]
0x306c64ff6c3f34d9965f7aa5ff5a9d107d353a72362a2f30c46b2c2e58632dad: 63317.0
 - fuel sent: 0x59b020647725b0f17eef5fe619cb4e226cc0d03584f631ca8d167d91b2837f49
 - waiting on tx.... [success]
tokens sent to [m/44'/60'/0'/0/359]: 0x062e30bc0843315a30b1e1bc5b9bb8f47886e8fec0dcf516beddc70087306a09
 - waiting on tx.... [success]
 - fuel returned: 0xbe71511255be744ac6c0b2680f7bd4610e355f241d6dc6ba0bffce9c51e1308c
 - sleeping [24 seconds]
