0xb8ca0b1007a6921e8411e74d0e6bc022f084c51b3f74f6e8d919d976059b5685: 88187.0
 - fuel sent: 0x929e8f5487012645ea8745cbc74c648f44cf436fcbfef568962d7640e75c2c18
 - waiting on tx... [success]
tokens sent to [m/44'/60'/0'/0/240]: 0x0cdff5905493e5a2b8af960e1931eeab45c99ff5aee7803e2c395042ddb51eab
 - waiting on tx.... [success]
 - fuel returned: 0xf938857704c2a560cbb69970e7fefe636d6bdc3294f7d50b0b9827affdbf7933
 - sleeping [53 seconds]
0x6ad8b3a13baaeb8b315ee6de46d167aeebafe48ec75e283d1ff2b748bc4e4d43: 36865.0
Traceback (most recent call last):
  File "/Users/ekkis/.pyenv/versions/3.11.2/lib/python3.11/site-packages/urllib3/response.py", line 761, in _update_chunk_length
    self.chunk_left = int(line, 16)
                      ^^^^^^^^^^^^^
ValueError: invalid literal for int() with base 16: b''

During handling of the above exception, another exception occurred:

Traceback (most recent call last):
  File "/Users/ekkis/.pyenv/versions/3.11.2/lib/python3.11/site-packages/urllib3/response.py", line 444, in _error_catcher
    yield
  File "/Users/ekkis/.pyenv/versions/3.11.2/lib/python3.11/site-packages/urllib3/response.py", line 828, in read_chunked
    self._update_chunk_length()
  File "/Users/ekkis/.pyenv/versions/3.11.2/lib/python3.11/site-packages/urllib3/response.py", line 765, in _update_chunk_length
    raise InvalidChunkLength(self, line)
urllib3.exceptions.InvalidChunkLength: InvalidChunkLength(got length b'', 0 bytes read)

During handling of the above exception, another exception occurred:

Traceback (most recent call last):
  File "/Users/ekkis/.pyenv/versions/3.11.2/lib/python3.11/site-packages/requests/models.py", line 816, in generate
    yield from self.raw.stream(chunk_size, decode_content=True)
  File "/Users/ekkis/.pyenv/versions/3.11.2/lib/python3.11/site-packages/urllib3/response.py", line 624, in stream
    for line in self.read_chunked(amt, decode_content=decode_content):
  File "/Users/ekkis/.pyenv/versions/3.11.2/lib/python3.11/site-packages/urllib3/response.py", line 816, in read_chunked
    with self._error_catcher():
  File "/Users/ekkis/.pyenv/versions/3.11.2/lib/python3.11/contextlib.py", line 155, in __exit__
    self.gen.throw(typ, value, traceback)
  File "/Users/ekkis/.pyenv/versions/3.11.2/lib/python3.11/site-packages/urllib3/response.py", line 461, in _error_catcher
    raise ProtocolError("Connection broken: %r" % e, e)
urllib3.exceptions.ProtocolError: ("Connection broken: InvalidChunkLength(got length b'', 0 bytes read)", InvalidChunkLength(got length b'', 0 bytes read))

During handling of the above exception, another exception occurred:

Traceback (most recent call last):
  File "/Users/ekkis/dev/eth/./eth.send.ls", line 49, in <module>
    if not eth.topUp(acct, fuel): continue
           ^^^^^^^^^^^^^^^^^^^^^
  File "/Users/ekkis/dev/eth/eth.py", line 218, in topUp
    tx = sendFuel(to, amt, fuel)
         ^^^^^^^^^^^^^^^^^^^^^^^
  File "/Users/ekkis/dev/eth/eth.py", line 243, in sendFuel
    gasPrice = int(srv.eth.gas_price * fuelPremium())
                   ^^^^^^^^^^^^^^^^^
  File "/Users/ekkis/.pyenv/versions/3.11.2/lib/python3.11/site-packages/web3/eth/eth.py", line 166, in gas_price
    return self._gas_price()
           ^^^^^^^^^^^^^^^^^
  File "/Users/ekkis/.pyenv/versions/3.11.2/lib/python3.11/site-packages/web3/module.py", line 68, in caller
    result = w3.manager.request_blocking(
             ^^^^^^^^^^^^^^^^^^^^^^^^^^^^
  File "/Users/ekkis/.pyenv/versions/3.11.2/lib/python3.11/site-packages/web3/manager.py", line 231, in request_blocking
    response = self._make_request(method, params)
               ^^^^^^^^^^^^^^^^^^^^^^^^^^^^^^^^^^
  File "/Users/ekkis/.pyenv/versions/3.11.2/lib/python3.11/site-packages/web3/manager.py", line 175, in _make_request
    return request_func(method, params)
           ^^^^^^^^^^^^^^^^^^^^^^^^^^^^
  File "/Users/ekkis/.pyenv/versions/3.11.2/lib/python3.11/site-packages/web3/middleware/formatting.py", line 99, in middleware
    response = make_request(method, params)
               ^^^^^^^^^^^^^^^^^^^^^^^^^^^^
  File "/Users/ekkis/.pyenv/versions/3.11.2/lib/python3.11/site-packages/web3/middleware/gas_price_strategy.py", line 96, in middleware
    return make_request(method, params)
           ^^^^^^^^^^^^^^^^^^^^^^^^^^^^
  File "/Users/ekkis/.pyenv/versions/3.11.2/lib/python3.11/site-packages/web3/middleware/formatting.py", line 99, in middleware
    response = make_request(method, params)
               ^^^^^^^^^^^^^^^^^^^^^^^^^^^^
  File "/Users/ekkis/.pyenv/versions/3.11.2/lib/python3.11/site-packages/web3/middleware/attrdict.py", line 38, in middleware
    response = make_request(method, params)
               ^^^^^^^^^^^^^^^^^^^^^^^^^^^^
  File "/Users/ekkis/.pyenv/versions/3.11.2/lib/python3.11/site-packages/web3/middleware/formatting.py", line 99, in middleware
    response = make_request(method, params)
               ^^^^^^^^^^^^^^^^^^^^^^^^^^^^
  File "/Users/ekkis/.pyenv/versions/3.11.2/lib/python3.11/site-packages/web3/middleware/formatting.py", line 99, in middleware
    response = make_request(method, params)
               ^^^^^^^^^^^^^^^^^^^^^^^^^^^^
  File "/Users/ekkis/.pyenv/versions/3.11.2/lib/python3.11/site-packages/web3/middleware/formatting.py", line 99, in middleware
    response = make_request(method, params)
               ^^^^^^^^^^^^^^^^^^^^^^^^^^^^
  File "/Users/ekkis/.pyenv/versions/3.11.2/lib/python3.11/site-packages/web3/middleware/buffered_gas_estimate.py", line 43, in middleware
    return make_request(method, params)
           ^^^^^^^^^^^^^^^^^^^^^^^^^^^^
  File "/Users/ekkis/.pyenv/versions/3.11.2/lib/python3.11/site-packages/web3/middleware/exception_retry_request.py", line 106, in middleware
    return make_request(method, params)
           ^^^^^^^^^^^^^^^^^^^^^^^^^^^^
  File "/Users/ekkis/.pyenv/versions/3.11.2/lib/python3.11/site-packages/web3/providers/rpc.py", line 90, in make_request
    raw_response = make_post_request(
                   ^^^^^^^^^^^^^^^^^^
  File "/Users/ekkis/.pyenv/versions/3.11.2/lib/python3.11/site-packages/web3/_utils/request.py", line 114, in make_post_request
    response = get_response_from_post_request(endpoint_uri, data=data, *args, **kwargs)
               ^^^^^^^^^^^^^^^^^^^^^^^^^^^^^^^^^^^^^^^^^^^^^^^^^^^^^^^^^^^^^^^^^^^^^^^^
  File "/Users/ekkis/.pyenv/versions/3.11.2/lib/python3.11/site-packages/web3/_utils/request.py", line 107, in get_response_from_post_request
    response = session.post(endpoint_uri, *args, **kwargs)
               ^^^^^^^^^^^^^^^^^^^^^^^^^^^^^^^^^^^^^^^^^^^
  File "/Users/ekkis/.pyenv/versions/3.11.2/lib/python3.11/site-packages/requests/sessions.py", line 635, in post
    return self.request("POST", url, data=data, json=json, **kwargs)
           ^^^^^^^^^^^^^^^^^^^^^^^^^^^^^^^^^^^^^^^^^^^^^^^^^^^^^^^^^
  File "/Users/ekkis/.pyenv/versions/3.11.2/lib/python3.11/site-packages/requests/sessions.py", line 587, in request
    resp = self.send(prep, **send_kwargs)
           ^^^^^^^^^^^^^^^^^^^^^^^^^^^^^^
  File "/Users/ekkis/.pyenv/versions/3.11.2/lib/python3.11/site-packages/requests/sessions.py", line 745, in send
    r.content
  File "/Users/ekkis/.pyenv/versions/3.11.2/lib/python3.11/site-packages/requests/models.py", line 899, in content
    self._content = b"".join(self.iter_content(CONTENT_CHUNK_SIZE)) or b""
                    ^^^^^^^^^^^^^^^^^^^^^^^^^^^^^^^^^^^^^^^^^^^^^^^
  File "/Users/ekkis/.pyenv/versions/3.11.2/lib/python3.11/site-packages/requests/models.py", line 818, in generate
    raise ChunkedEncodingError(e)
requests.exceptions.ChunkedEncodingError: ("Connection broken: InvalidChunkLength(got length b'', 0 bytes read)", InvalidChunkLength(got length b'', 0 bytes read))
0xb8ca0b1007a6921e8411e74d0e6bc022f084c51b3f74f6e8d919d976059b5685: 0.0
0x6ad8b3a13baaeb8b315ee6de46d167aeebafe48ec75e283d1ff2b748bc4e4d43: 36865.0
 - fuel sent: 0xc57c3534956e337ba19c10b400849c3a38eba2a0d915360b9f847e213374adb1
 - waiting on tx.... [success]
tokens sent to [m/44'/60'/0'/0/241]: 0x3d0963f6da69e9c9fd0e54ddb8113ea15ff639c083c9fbb494ae4fcdba34b034
 - waiting on tx............ [failed]
0x4552f3d3b400774924111c29f3ff77929650faa3da3654c16e120521e339282f: 19596.0
 - fuel sent: 0xd532dd1efc76b89c0260b12544370ae8c1eb166e36b1d4460c558a4bc3f0e302
 - waiting on tx.... [success]
tokens sent to [m/44'/60'/0'/0/242]: 0xf13f95a019c8637c7483c920896da233532d7a4333a156b7d3cacc005b22b6ca
 - waiting on tx... [success]
 - fuel returned: 0x4fe5bfa42948aa7812c65543ee3be0b19bff5f47f3c182f34369edafe3de5b68
 - sleeping [67 seconds]
0xa53da71e2a9a79cd8b80a2fcc52845c0eeeaac29eceef4d5bb7cc762c259ce5e: 33074.0
 - fuel sent: 0x9d4f427435122b4fdad36058a5c04644a1d07e9a39c5b9ab9f05efdef1506f3e
 - waiting on tx..... [success]
tokens sent to [m/44'/60'/0'/0/243]: 0x0294e383f6d11bfe4dca2658d156caa9ea3ed42b899f2f282f9b75913a94d497
 - waiting on tx............ [failed]
0x785fa21835a3ec96272ebab2d90818f56600fed6e57eaa76914a5b746a019032: 71910.0
 - fuel sent: 0x55ac4661f59c81ec928e8ac8ba9bafc3bb9f5dd37d3789278beb03a11e2772f2
 - waiting on tx....................... [success]
tokens sent to [m/44'/60'/0'/0/244]: 0xcf8c254238ee0fb7e019e68514f6296401a4626eb8111cc617fba3c29034c59b
 - waiting on tx............ [failed]
0x170c739b69b2c075e8f89d80346a22f2d9e83279813c93de13f1f6bfa62aeda1: 19896.000000000004
 - fuel sent: 0x6ee3243d6e6de5c91028519e39c28fe12240ed05786b4042be964452683fa907
 - waiting on tx.... [success]
tokens sent to [m/44'/60'/0'/0/245]: 0x1fc1be30e1dca9adf4fe476657f204edac93077680a6dc025e994da4c6d00daf
 - waiting on tx.... [success]
 - fuel returned: 0x9459f4e44c1a828178e2cb60044fedcda552c7deb6f05a14023f95c69a9a100e
 - sleeping [78 seconds]
0xcb98f0054299077006fe6cab1ac0fdb511ee0bb88433e4e971565858f54b3822: 73308.0
 - fuel sent: 0x52d4ac9ed3b0c3f72d49790bbe371c49f994113c22b4c67097814b2b15e5733b
 - waiting on tx... [success]
tokens sent to [m/44'/60'/0'/0/246]: 0x21db919cde8043b3ce4e38cd1dfd72779078716118a0d5d0225fd3b291f9c91d
 - waiting on tx.... [success]
 - fuel returned: 0x33466f8b93ed901ae34cdea11c30c85caad5cebb3e2778bf31acb0468fb04738
 - sleeping [56 seconds]
0x7736dde2ba965150d2e9c545e94e995e4be580b1ab1ad657a98cd671e7cad95b: 21798.0
 - fuel sent: 0x795a717fbb734335b2a140d4e3a4b0bf661fff412d340341350a22f94e84afa1
 - waiting on tx.... [success]
tokens sent to [m/44'/60'/0'/0/247]: 0x145520e3610d7b4ce31484f439ee841033482b9a3809f2034a31c116a615731d
 - waiting on tx............ [failed]
0x8ac80fac2a8f1cf5636a3817a0119991e310ccfcbd5f96ad92126621e74f710a: 63217.0
 - fuel sent: 0x0603caf5dc5f9f7b7e1bd43ccc7abc0ef4856def5936ee85d0b2df46e697e412
 - waiting on tx.... [success]
tokens sent to [m/44'/60'/0'/0/248]: 0xf1bc7fcc917f5b1336aaf8cb20eea98c45107a97864393ba93ddd4b6da91ac76
 - waiting on tx... [success]
 - fuel returned: 0x611061140218001a38e2bce0c5fc0989e6c5dc97ad2c173ac3866b9c85f1db27
 - sleeping [45 seconds]
0x6570c9c28e4fd16447c7f98c1f12c1b7c33e0893447adc423c9eeb0acfd5dc92: 70371.0
 - fuel sent: 0xc09cabb7da86c533e046333b91aa3ca71e9ec7086a1f38dda31cd7b762c907a1
 - waiting on tx............... [success]
tokens sent to [m/44'/60'/0'/0/249]: 0x7ed1eed344afb42f0de6ee2c061a045c2a15dd4094f72ea5d3f6db77ee450c88
 - waiting on tx............ [failed]
0xa8bc9eb98f8aa362a8aa3ddff965bc1d3eea8ac55fb57a24b24d18b8fede7a3f: 45055.0
 - fuel sent: 0x016a5c378c7940d701a4a3d3035c553b28b9b0b0024ff5a7d51819de0c175bae
 - waiting on tx.... [success]
tokens sent to [m/44'/60'/0'/0/250]: 0x1922a94470a13fc4b55eecac9cc0e705cec006eaca1c08476ea0083dffb944f3
 - waiting on tx.... [success]
 - fuel returned: 0xea2d228d2e38395ca2179f73ac32d835c5d88eb3394b24b0c56dbdb985937131
 - sleeping [63 seconds]
0xd33dea46a978c0462554c23b8db980ab7875d9453dca40eec62b6ffa5d0a8d35: 14166.0
 - fuel sent: 0xaab8df70a5508e643d4fce5802eabd549002720045213c8659e43641e155c10c
 - waiting on tx.... [success]
tokens sent to [m/44'/60'/0'/0/251]: 0xbfe27a46c89e0a5c36886cf603ec91dbf584a6ece77ac767d65b1ce1236a8b9a
 - waiting on tx.......... [success]
 - fuel returned: 0x4a13ce48fd4a935b6e148c0ae665918009841a7e7953b7ae968091b5ad36a05a
 - sleeping [77 seconds]
0x1cc5e3d658377b4fa11460c0acbcfef1c5f87c112742d02d93b3b0884d92932b: 31032.000000000004
 - fuel sent: 0x996e5365cd32895172f156aa29dbfb41cd592d32c85af1aa14e11073c8c0d467
 - waiting on tx... [success]
tokens sent to [m/44'/60'/0'/0/252]: 0xab8a428c4607185f09dff63c2e05a04ae0d6838a8543a2678e300fcde054d74d
 - waiting on tx............ [failed]
0x9dfca2d90122bbed77f742cec51ec8dfef9aca506cc049a85e2f3ad446ca8e9c: 29594.0
 - fuel sent: 0xc0cbc18a128e9eef3d2aeeaebb69232bc8e93d6bba29e4b573881e7eed81255a
 - waiting on tx........ [success]
tokens sent to [m/44'/60'/0'/0/253]: 0x0b8e64878a401fc72996fd0f71189c175b2ce2f693f6162abce32ff791aa7d6f
 - waiting on tx... [success]
 - fuel returned: 0x3d5266ad2f6484e2fc49db75f904b320d6bb602acba347d2d8a56dd71468628b
 - sleeping [102 seconds]
0x12801c3b8f0eda4ea51068fb1399e24f24b9eb3d9daa456cb246b4adca64d835: 47142.0
 - fuel sent: 0x971e2e3b5e1d8299e13bf09f41aa1b9bf215a450a6aa559072fea5dfa0c8a9aa
 - waiting on tx..... [success]
tokens sent to [m/44'/60'/0'/0/254]: 0xbf64b3c0fecf2c9827345ca9101655a02666c9a0b0593e4fa29f7dfd89c1d4b6
 - waiting on tx... [success]
 - fuel returned: 0xf5d433f60a8dfc054cbd61e04b323dcb6e0240c73b9fc844bb0b3e8932a78bbe
 - sleeping [69 seconds]
0x08bd22f5ae4cfe25f1417339010cd834440debb712b20a4202bae0b1b6168078: 50798.0
 - fuel sent: 0x7b3aa76030cd8b17a24198e5c95d014c0c193b7f86b9eee27af05a415c2dc8f3
 - waiting on tx... [success]
tokens sent to [m/44'/60'/0'/0/255]: 0x588882b382f0c1b3a6f73e7b6f3f1ff43070721da5f0eafd9fa4637ffda6b505
 - waiting on tx............ [failed]
0xfd59411bbe53062bb60cec109df862533018d1c5f7e7054cbffc38ab73af5804: 26614.0
 - fuel sent: 0xe010692b56e188faaf448aa06b0ac8c2fbac3d4c0851d32c0ee9d551bc1f51c6
 - waiting on tx.... [success]
tokens sent to [m/44'/60'/0'/0/256]: 0xda4c794c5c8e95ea0b301a3ac275d067e9f25857728456eb112d29cddd008e98
 - waiting on tx... [success]
 - fuel returned: 0xe08104ff4d48f7aa1db4747712983ef7164a4c51e45cb4b254dc2d6b970b30b9
 - sleeping [3 seconds]
0xb6c090d7abbf1a6f29397387306ee3a85ae04e55e681e630f1596f3a08db92fe: 53286.0
 - fuel sent: 0x49d06980452ef7b8ac97e090f620a288e8cc60dc600c5f1acde1be6291d2b9cd
 - waiting on tx... [success]
tokens sent to [m/44'/60'/0'/0/257]: 0xce41a0f66dc5f62b52dc4e834f0c9c8a6ad19aa161f7150784fc3dffbeff44ad
 - waiting on tx.... [success]
 - fuel returned: 0x6c723f19e79828e5ac4d7fb0c9ea651ce4f928ac9010c30d17e84338596c734d
 - sleeping [84 seconds]
0xccf20770fc044ef5ec61d1e0dc1210a8e1450f2a9d57d8cbbf88ced6600bc8ef: 84776.0
 - fuel sent: 0x707261b367a4f116379eda915b890ed1b6d6e154156eaa2032fd62072fc49531
 - waiting on tx..... [success]
tokens sent to [m/44'/60'/0'/0/258]: 0x779a5b45f94eddd6cec8113f6a349421966c535bcfef05be98cb288eb2812749
 - waiting on tx..... [success]
 - fuel returned: 0xa37200ac3b585561775396797e287cf3f6da107748eae42c0bfa483e02aecec4
 - sleeping [2 seconds]
0xf832431c9eb34cc941b8b14e65baae4d100955ccde880fae76c6a4f936ea6213: 36557.0
 - fuel sent: 0x227fb0f32d13cb4e8035871f91ff8926f34208b411fc027d2fd78fcdd04a95a4
 - waiting on tx... [success]
tokens sent to [m/44'/60'/0'/0/259]: 0xfb22a65b810ebe62baf3fd829fd0d8d182754aadc49ecacb17df3e366452a27d
 - waiting on tx.... [success]
 - fuel returned: 0xfa39b07a688f6ce1f336312781c0a701556ec4fd2bc8a1de84391ce436ee81f4
 - sleeping [84 seconds]
0x4f68d227be94c324a95f1f628baec178d830109961eccf4c95a9450bad8dfc62: 78198.0
 - fuel sent: 0xcd59d76aad37d4cd14dd144f7939d50f62408e27df797cab0042e3f854c1060e
 - waiting on tx... [success]
tokens sent to [m/44'/60'/0'/0/260]: 0x8493a4576c41cbd996c7ef283e962b8c3b458c46bd786f8a4eb93f044f262919
 - waiting on tx............ [failed]
0xc9ce1d9ae71deb6502e61267aec93b8d78c38dc84d1e71be759b16acb109edaa: 17972.0
 - fuel sent: 0x9743423f93be92c6e5aa3371b8229f23ccdeb2122743e9c7b6d86d27b314e114
 - waiting on tx.... [success]
tokens sent to [m/44'/60'/0'/0/261]: 0xa0b388ac7714b20216fac96ec7f87b00f8b381963cc11567ccb05dd520dbdf2a
 - waiting on tx............ [failed]
0x41779ed8845d49dcb4fbc24051950b6c0c24bf1c7b9ab896dc2782979ba4b1f5: 82228.0
 - fuel sent: 0x34888a47f3aa15c17240277ad0a4df6b1a36a9db219345cfc03634b55251161f
 - waiting on tx... [success]
tokens sent to [m/44'/60'/0'/0/262]: 0x961cba74a31643f2a311115dce109456e072c000304e5f545c4a75398cee865e
 - waiting on tx............ [failed]
0xc3986c3548215895b21267f2f85d794a34a9e76ecb94362d6fcd40c8fa654d6e: 31810.0
 - fuel sent: 0x1694015f1b81f5ae1e832ffccd6791a7e8eec925702349bd515a86df68b42c61
 - waiting on tx......... [success]
tokens sent to [m/44'/60'/0'/0/263]: 0x19ec9d301d2464a8bb8efd1fce9969ecbc7a42884d18f6831d5d9f9e07809e34
 - waiting on tx... [success]
 - fuel returned: 0xc27abff4b69381c4a2368b656144bd0ccdb8dc1a9d1bbd306931c88931b43fc5
 - sleeping [12 seconds]
0x11f9e913bc077c951637fd68b87968e505e98629dc5a7fa074a45ae5718683b3: 84355.0
 - fuel sent: 0xa13dd50441770aea1951460f6663ad09d5a112f654176ddd86c0b29fcc2ca52b
 - waiting on tx... [success]
tokens sent to [m/44'/60'/0'/0/264]: 0xafce73de848d372e9f40c7489b124644921236bb7a15ea15534f41c74d1cfb87
 - waiting on tx.... [success]
 - fuel returned: 0x83b9803cfd299ef3a7690f0bcaee651748cdb058a40bb3794092d32f486e151e
 - sleeping [0 seconds]
0xefb752d8acd9d3366865fa15ae2fc9e453742e6b79f050f64322c6e3e9c3ff51: 42063.0
 - fuel sent: 0x7ec2042221b1b2e861bad92595a7b996d2a53dade2fb9bcd209c6894ffc2ac96
 - waiting on tx....... [success]
tokens sent to [m/44'/60'/0'/0/265]: 0xa7abad26669ae334d796113f443684f88988565e08ad987fa15623b7d3a42afe
 - waiting on tx.... [success]
 - fuel returned: 0xd00b582f0f560b3237d364a8c5f2d87f3e0a91ea082340e01ca3861f7a4934d9
 - sleeping [2 seconds]
0x7ec92c0b0cd2a77f294cc109052660e2c0aa271eaff7361d325861b6e4575acc: 50004.0
 - fuel sent: 0xa6dced43c6a49ad0264046d894fd689c7fd8f35998465c629fd5d1012f88b5db
 - waiting on tx.......... [success]
tokens sent to [m/44'/60'/0'/0/266]: 0xc1c2433828c227c8a14ec3b2c0d6bf50aac1ae4f44350f3eb5dfafdf198fedf9
 - waiting on tx.... [success]
 - fuel returned: 0x774741f0ecdd73823b6078ca7b7818ffc6439e71ed0972f85aa9c92bbea78121
 - sleeping [29 seconds]
0xd3ec9d3b25860dbc325205a28bcb1c628c926e45fc8d019ffad7c7a36838815c: 36522.0
 - fuel sent: 0xa49e7c537ab7c29dc863843ef1991b45a68e5cf8e1051c12fa4b6927422351c7
 - waiting on tx.... [success]
tokens sent to [m/44'/60'/0'/0/267]: 0x8964f37aff02b2e07aadf9064b5ff5cf4a2171d639158ad521274c662c4daeaf
 - waiting on tx.... [success]
 - fuel returned: 0x1d4941b51e0595590159de339dd877ef5eaec982561df1dc32fb07b131e00831
 - sleeping [88 seconds]
0xa6a70b8ec7121dd0f8ee6998360de4094d39bc764ba37fab55fb31f474c0b065: 71958.0
 - fuel sent: 0xaa5d6e4e73847203a5ee4d959d92777fdac565f2ea4efb2af80fb8a23eeba88b
 - waiting on tx........ [success]
tokens sent to [m/44'/60'/0'/0/268]: 0xf21938f1629ac31cd9be2337ff60fce25dfb675a864051e935e177315449a868
 - waiting on tx... [success]
 - fuel returned: 0xb1821cd558c15c75a220dbee55d39cb6a385648bc1c65694c43ae1e1e077b27b
 - sleeping [98 seconds]
0x18cbc7c0a9afdff9aa6377d82763e6ecd0b62065766c953b0ef4ca5d295f78bf: 63181.0
 - fuel sent: 0x7aa30775493fffe7db224f993173d8471a2d974fb468923068bbc2f57524f66b
 - waiting on tx... [success]
tokens sent to [m/44'/60'/0'/0/269]: 0x5debd34e60356bd65025055ed06ea02e2d6e431f76a1869ebf029356c6ea68df
 - waiting on tx........ [success]
 - fuel returned: 0x9ab50985e77463187f5afd833c6ff4e9005ff6b87816f6f23a43d4f476235daa
 - sleeping [28 seconds]
0x565da51e4afa1d2052fc98fbe069e5631ae903847b9912a55706de271b194bf0: 13879.0
 - fuel sent: 0xe912e358754ffe22e50f7716d6f55bf0b5be260582b237699a4829f823825724
 - waiting on tx.... [success]
tokens sent to [m/44'/60'/0'/0/270]: 0x820223d86998ce66bf19769c07f07f7a261143650ce5f9059cb3685a79b5a5ea
 - waiting on tx............ [failed]
0x99cd1a2dd53237b13ac79dcc5aa822101ee5d2a25f41ecdeb2e2fc84e94e1761: 78130.00000000001
 - fuel sent: 0xa096399a309bb631d32b0a4b78f58b0cf1c0c15f3f787d8c1be9d5e0c5a7b708
 - waiting on tx.... [success]
tokens sent to [m/44'/60'/0'/0/271]: 0xed05b6286ffaaedbf8f0d8744e9005924ccc84a2c51bc28b2ac443e57bab9462
 - waiting on tx......... [success]
 - fuel returned: 0xa1edb820c732f765ce1d4361c94dee9e4b530f9e6094c803cef26cb9420a4859
 - sleeping [84 seconds]
0xe0daabdb080b048f14229d451871564567bd07c05fb780c730ce0ee182e19ba7: 34894.0
 - fuel sent: 0xbb3ded2c916548f58904e97c21f6132ce09882a0da400f240ba44abaef8cbf5b
 - waiting on tx... [success]
tokens sent to [m/44'/60'/0'/0/272]: 0xfa0f37889f0a6c170f4d58a3f7239dad4dbfe243cd063bf19fc0913712d0e706
 - waiting on tx.... [success]
 - fuel returned: 0x021ee7287ff0399fc29b7f61f064cb38aa5d7a6638b3e565da43b0975f9cd818
 - sleeping [8 seconds]
0x96cb2bda11c54a50013ad190a014ae3353ffa15d6d03d557e54ff8ddd2029170: 30598.0
 - fuel sent: 0xdec6a0d762b41938d8924823743496407c57ce23aa2e6785668e52340ba0d910
 - waiting on tx.... [success]
tokens sent to [m/44'/60'/0'/0/273]: 0x327551f7d394743f5f4a118a610579aa9a1d0041e6d0403eb7463b6bf9c31088
 - waiting on tx... [success]
 - fuel returned: 0xde9f5c4d03a526a221350725d6d1dfa0f1ad5f6236d17cfac624277d34152afa
 - sleeping [47 seconds]
0x87fd1c97f8be21ce11b345a3e8036b15f3bab395a22c8fae706f79d760227cf4: 71390.0
 - fuel sent: 0xe424aac77262b9f92428c1083f75c224622ba83c93b96f0c7e9d00a2b1fe8031
 - waiting on tx... [success]
tokens sent to [m/44'/60'/0'/0/274]: 0xa97f78a38c3adec2b0aac35f2e5631fa684770f2845b2463e38d6f39b70ad323
 - waiting on tx............ [failed]
0x5652a5299007492efab89abc8739520bdb3e7d55fd7dda85ddc3c71d0f608e12: 17699.0
 - fuel sent: 0x6b7e965c76aacc3db2fa3b55c1603cd99c25c9ca267cb41a1ca46a68c3f466cc
 - waiting on tx.... [success]
tokens sent to [m/44'/60'/0'/0/275]: 0xc732ca08075ca695e2905ef71fd177678c65ff8bd773463bf690172bc6e76b8d
 - waiting on tx... [success]
 - fuel returned: 0x88c058767813f2455a1f147a25b94c0881a65a6e5181b40e4983f48540a37969
 - sleeping [49 seconds]
0x01c1833556c718a13486fdaacaf463af2ec7839ab20e37b0d06134cc4952e302: 43214.0
 - fuel sent: 0x143f3e92e5f4d4b212437d0fb04e96d5963a283c4bf71f2f9816606b012324a7
 - waiting on tx.... [success]
tokens sent to [m/44'/60'/0'/0/276]: 0x9b159222b43947bc381b1ad3df886d1c51dc2cfec35f6176930f0f6ed56a1cd8
 - waiting on tx..... [success]
 - fuel returned: 0x55aad157f5502efc6c8a69fa257b81432be8cefc15ab31f273acf5e311c8454c
 - sleeping [33 seconds]
0x3b9419503c522acc3e89b6a701749398cefaf32e0867529eacc38bd63ce1d5c2: 44132.0
 - fuel sent: 0xa6b47181f7ffc320c62a5201f12845f0731e2f6fba824183fc66a7041834180e
 - waiting on tx... [success]
tokens sent to [m/44'/60'/0'/0/277]: 0x8d997e3fb64c15e4d867a430f24eebb179a465f587c3d41df42a03b2c5ee0c85
 - waiting on tx............ [failed]
0x7b2b901903c5e9dca8465fb2fa2c152593af8ba831d5bd011f5a7b4680269698: 85796.0
 - fuel sent: 0x9a3fda5cdf076da215f65d8f32b16c33297cd97ef895e8c7f7a97ff73bd555ab
 - waiting on tx... [success]
tokens sent to [m/44'/60'/0'/0/278]: 0x93666668e02e4939d04c2bae3a40cfa5a05bbb665711bc6c21c9cfd7891dea9d
 - waiting on tx.... [success]
 - fuel returned: 0xca5bf0b1e48d440eca394556a7eb260d9b37fd603535cb4fb95b7a9f804ccde7
 - sleeping [92 seconds]
0x4a9d846f23217fc2b294a7c87c089501a0d7d6d6f761c03d295904096000b305: 17491.0
 - fuel sent: 0x76f93712651a93bd02568e7003b3eb8bd55cb75b20e85bfd9aeddc5e7a0dfab2
 - waiting on tx... [success]
tokens sent to [m/44'/60'/0'/0/279]: 0xc2b0498180466c8e04885294b2fa694171f4cc3ab8f4267cae3c122a280ed8fa
 - waiting on tx... [success]
 - fuel returned: 0x81b13775ef8d9d7391cfd81fc9146ca60767e8f95a593fa6035d945ab3ea8d71
 - sleeping [96 seconds]
0x098decd3e7086dbff8eb6fec984f92cfcc35d218165f0683ca98bd69df4b80ab: 86451.0
 - fuel sent: 0x93dee3954beb8d2dff0f1645fb84ff8520fbeb3f1cba33a8a9e6dc9c9655dbae
 - waiting on tx.... [success]
tokens sent to [m/44'/60'/0'/0/280]: 0xcbab9f6efcd49c6f26e9952563f766d8c482871a7589c3303f3a559fd4e5921f
 - waiting on tx... [success]
 - fuel returned: 0x54d69cac7846dfbd25ead8cd06158ccfb434ad2e4ff2b95769e1b75513c1637a
 - sleeping [78 seconds]
0x3cb9be1a676e9dfa8ba0e7d426f6c40073bbec5b48529e62efff30eac8ee17b7: 68585.0
 - fuel sent: 0x7e4d9f7b3b1d176312e42e29cc1da612e358ea7cc5ac5bdd6ddef5e1de3cf49c
 - waiting on tx...... [success]
tokens sent to [m/44'/60'/0'/0/281]: 0x1123e092d584f8580306c933dd3723693d88338e7ba4b7dcacd51cfb9e612491
 - waiting on tx... [success]
 - fuel returned: 0x8502330874afdfbdcb72b915371491e567f4264cd3d1d91389e05f74767097ed
 - sleeping [111 seconds]
0x386d7fb6758a75938a1f2cf649ca8188d8842513bf1905e493c5c8cb9d4a73f3: 35506.0
 - fuel sent: 0x3a8483a4ca056444e223bdcf4d141c4acf774ff53619015852e2166ac00a2191
 - waiting on tx.......... [success]
tokens sent to [m/44'/60'/0'/0/282]: 0x62f4be7da977cd613dcecd14a7cc53832318ce630285b391c9e13aeebeee4ccd
 - waiting on tx.......... [success]
 - fuel returned: 0xdf44808f797bfe7bf1447fd72086d95274904428cfea6525766578dda7eea32d
 - sleeping [68 seconds]
0x195bb2c88f1e40c510da785b485562b311881a15270130d259ed63e39757d79a: 20743.999999999996
 - fuel sent: 0x903ffadb9483f24ee698512b5307a6d4392e2a7b895959c6574a85859e49f455
 - waiting on tx... [success]
tokens sent to [m/44'/60'/0'/0/283]: 0xfcc7b65abb95d489fe12343030d812b2d706e60bdeb97851e9ff27e23c9344bd
 - waiting on tx.... [success]
 - fuel returned: 0xbb75cf1cbf4a2e48762579686b1be9ca1d8e01ff44f2fb0d83ac7af742e938e5
 - sleeping [76 seconds]
0x0e54ad0a24a73afa67d92288756b6c5b37613b4945e7199617c6fe9cadb7b163: 14464.0
 - fuel sent: 0xf9f07ce8c582ffebe34cb554bed2333771f1d127d9bb17a237e31a8539466479
 - waiting on tx..... [success]
Traceback (most recent call last):
  File "/Users/ekkis/.pyenv/versions/3.11.2/lib/python3.11/site-packages/urllib3/response.py", line 761, in _update_chunk_length
    self.chunk_left = int(line, 16)
                      ^^^^^^^^^^^^^
ValueError: invalid literal for int() with base 16: b''

During handling of the above exception, another exception occurred:

Traceback (most recent call last):
  File "/Users/ekkis/.pyenv/versions/3.11.2/lib/python3.11/site-packages/urllib3/response.py", line 444, in _error_catcher
    yield
  File "/Users/ekkis/.pyenv/versions/3.11.2/lib/python3.11/site-packages/urllib3/response.py", line 828, in read_chunked
    self._update_chunk_length()
  File "/Users/ekkis/.pyenv/versions/3.11.2/lib/python3.11/site-packages/urllib3/response.py", line 765, in _update_chunk_length
    raise InvalidChunkLength(self, line)
urllib3.exceptions.InvalidChunkLength: InvalidChunkLength(got length b'', 0 bytes read)

During handling of the above exception, another exception occurred:

Traceback (most recent call last):
  File "/Users/ekkis/.pyenv/versions/3.11.2/lib/python3.11/site-packages/requests/models.py", line 816, in generate
    yield from self.raw.stream(chunk_size, decode_content=True)
  File "/Users/ekkis/.pyenv/versions/3.11.2/lib/python3.11/site-packages/urllib3/response.py", line 624, in stream
    for line in self.read_chunked(amt, decode_content=decode_content):
  File "/Users/ekkis/.pyenv/versions/3.11.2/lib/python3.11/site-packages/urllib3/response.py", line 816, in read_chunked
    with self._error_catcher():
  File "/Users/ekkis/.pyenv/versions/3.11.2/lib/python3.11/contextlib.py", line 155, in __exit__
    self.gen.throw(typ, value, traceback)
  File "/Users/ekkis/.pyenv/versions/3.11.2/lib/python3.11/site-packages/urllib3/response.py", line 461, in _error_catcher
    raise ProtocolError("Connection broken: %r" % e, e)
urllib3.exceptions.ProtocolError: ("Connection broken: InvalidChunkLength(got length b'', 0 bytes read)", InvalidChunkLength(got length b'', 0 bytes read))

During handling of the above exception, another exception occurred:

Traceback (most recent call last):
  File "/Users/ekkis/dev/eth/./eth.send.ls", line 50, in <module>
    tx = eth.send(to, contract, acct)
         ^^^^^^^^^^^^^^^^^^^^^^^^^^^^
  File "/Users/ekkis/dev/eth/eth.py", line 303, in send
    return srv.eth.send_raw_transaction(tx.rawTransaction).hex()
           ^^^^^^^^^^^^^^^^^^^^^^^^^^^^^^^^^^^^^^^^^^^^^^^
  File "/Users/ekkis/.pyenv/versions/3.11.2/lib/python3.11/site-packages/web3/eth/eth.py", line 372, in send_raw_transaction
    return self._send_raw_transaction(transaction)
           ^^^^^^^^^^^^^^^^^^^^^^^^^^^^^^^^^^^^^^^
  File "/Users/ekkis/.pyenv/versions/3.11.2/lib/python3.11/site-packages/web3/module.py", line 68, in caller
    result = w3.manager.request_blocking(
             ^^^^^^^^^^^^^^^^^^^^^^^^^^^^
  File "/Users/ekkis/.pyenv/versions/3.11.2/lib/python3.11/site-packages/web3/manager.py", line 231, in request_blocking
    response = self._make_request(method, params)
               ^^^^^^^^^^^^^^^^^^^^^^^^^^^^^^^^^^
  File "/Users/ekkis/.pyenv/versions/3.11.2/lib/python3.11/site-packages/web3/manager.py", line 175, in _make_request
    return request_func(method, params)
           ^^^^^^^^^^^^^^^^^^^^^^^^^^^^
  File "/Users/ekkis/.pyenv/versions/3.11.2/lib/python3.11/site-packages/web3/middleware/formatting.py", line 99, in middleware
    response = make_request(method, params)
               ^^^^^^^^^^^^^^^^^^^^^^^^^^^^
  File "/Users/ekkis/.pyenv/versions/3.11.2/lib/python3.11/site-packages/web3/middleware/gas_price_strategy.py", line 96, in middleware
    return make_request(method, params)
           ^^^^^^^^^^^^^^^^^^^^^^^^^^^^
  File "/Users/ekkis/.pyenv/versions/3.11.2/lib/python3.11/site-packages/web3/middleware/formatting.py", line 99, in middleware
    response = make_request(method, params)
               ^^^^^^^^^^^^^^^^^^^^^^^^^^^^
  File "/Users/ekkis/.pyenv/versions/3.11.2/lib/python3.11/site-packages/web3/middleware/attrdict.py", line 38, in middleware
    response = make_request(method, params)
               ^^^^^^^^^^^^^^^^^^^^^^^^^^^^
  File "/Users/ekkis/.pyenv/versions/3.11.2/lib/python3.11/site-packages/web3/middleware/formatting.py", line 99, in middleware
    response = make_request(method, params)
               ^^^^^^^^^^^^^^^^^^^^^^^^^^^^
  File "/Users/ekkis/.pyenv/versions/3.11.2/lib/python3.11/site-packages/web3/middleware/formatting.py", line 99, in middleware
    response = make_request(method, params)
               ^^^^^^^^^^^^^^^^^^^^^^^^^^^^
  File "/Users/ekkis/.pyenv/versions/3.11.2/lib/python3.11/site-packages/web3/middleware/formatting.py", line 99, in middleware
    response = make_request(method, params)
               ^^^^^^^^^^^^^^^^^^^^^^^^^^^^
  File "/Users/ekkis/.pyenv/versions/3.11.2/lib/python3.11/site-packages/web3/middleware/buffered_gas_estimate.py", line 43, in middleware
    return make_request(method, params)
           ^^^^^^^^^^^^^^^^^^^^^^^^^^^^
  File "/Users/ekkis/.pyenv/versions/3.11.2/lib/python3.11/site-packages/web3/middleware/exception_retry_request.py", line 106, in middleware
    return make_request(method, params)
           ^^^^^^^^^^^^^^^^^^^^^^^^^^^^
  File "/Users/ekkis/.pyenv/versions/3.11.2/lib/python3.11/site-packages/web3/providers/rpc.py", line 90, in make_request
    raw_response = make_post_request(
                   ^^^^^^^^^^^^^^^^^^
  File "/Users/ekkis/.pyenv/versions/3.11.2/lib/python3.11/site-packages/web3/_utils/request.py", line 114, in make_post_request
    response = get_response_from_post_request(endpoint_uri, data=data, *args, **kwargs)
               ^^^^^^^^^^^^^^^^^^^^^^^^^^^^^^^^^^^^^^^^^^^^^^^^^^^^^^^^^^^^^^^^^^^^^^^^
  File "/Users/ekkis/.pyenv/versions/3.11.2/lib/python3.11/site-packages/web3/_utils/request.py", line 107, in get_response_from_post_request
    response = session.post(endpoint_uri, *args, **kwargs)
               ^^^^^^^^^^^^^^^^^^^^^^^^^^^^^^^^^^^^^^^^^^^
  File "/Users/ekkis/.pyenv/versions/3.11.2/lib/python3.11/site-packages/requests/sessions.py", line 635, in post
    return self.request("POST", url, data=data, json=json, **kwargs)
           ^^^^^^^^^^^^^^^^^^^^^^^^^^^^^^^^^^^^^^^^^^^^^^^^^^^^^^^^^
  File "/Users/ekkis/.pyenv/versions/3.11.2/lib/python3.11/site-packages/requests/sessions.py", line 587, in request
    resp = self.send(prep, **send_kwargs)
           ^^^^^^^^^^^^^^^^^^^^^^^^^^^^^^
  File "/Users/ekkis/.pyenv/versions/3.11.2/lib/python3.11/site-packages/requests/sessions.py", line 745, in send
    r.content
  File "/Users/ekkis/.pyenv/versions/3.11.2/lib/python3.11/site-packages/requests/models.py", line 899, in content
    self._content = b"".join(self.iter_content(CONTENT_CHUNK_SIZE)) or b""
                    ^^^^^^^^^^^^^^^^^^^^^^^^^^^^^^^^^^^^^^^^^^^^^^^
  File "/Users/ekkis/.pyenv/versions/3.11.2/lib/python3.11/site-packages/requests/models.py", line 818, in generate
    raise ChunkedEncodingError(e)
requests.exceptions.ChunkedEncodingError: ("Connection broken: InvalidChunkLength(got length b'', 0 bytes read)", InvalidChunkLength(got length b'', 0 bytes read))
0xb8ca0b1007a6921e8411e74d0e6bc022f084c51b3f74f6e8d919d976059b5685: 0.0
0x6ad8b3a13baaeb8b315ee6de46d167aeebafe48ec75e283d1ff2b748bc4e4d43: 0.0
 - fuel returned: 0x45125d2463ef673d663432318bcbb5ea3fd0f1dcecb5606c9c8074bf14ed5678
0x4552f3d3b400774924111c29f3ff77929650faa3da3654c16e120521e339282f: 0.0
0xa53da71e2a9a79cd8b80a2fcc52845c0eeeaac29eceef4d5bb7cc762c259ce5e: 0.0
 - fuel returned: 0xacf424c9b31af16bac26eb8d1a2f81f7e51f396b1962ad5ca882b6c913ea38d3
0x785fa21835a3ec96272ebab2d90818f56600fed6e57eaa76914a5b746a019032: 0.0
 - fuel returned: 0x861ba8452886f533be525b408a3b40e8aad40d4de2cf2bf5bd8253cff45861f1
0x170c739b69b2c075e8f89d80346a22f2d9e83279813c93de13f1f6bfa62aeda1: 0.0
0xcb98f0054299077006fe6cab1ac0fdb511ee0bb88433e4e971565858f54b3822: 0.0
0x7736dde2ba965150d2e9c545e94e995e4be580b1ab1ad657a98cd671e7cad95b: 0.0
 - fuel returned: 0xb96720aa85a79e809627aaff0b70b9078c0ab650be404d782eda09e7bc921655
0x8ac80fac2a8f1cf5636a3817a0119991e310ccfcbd5f96ad92126621e74f710a: 0.0
0x6570c9c28e4fd16447c7f98c1f12c1b7c33e0893447adc423c9eeb0acfd5dc92: 0.0
 - fuel returned: 0xcfb113efb6e8481a45a26e1188ca3474cf05198f663fd7da19195298c5331dd8
0xa8bc9eb98f8aa362a8aa3ddff965bc1d3eea8ac55fb57a24b24d18b8fede7a3f: 0.0
0xd33dea46a978c0462554c23b8db980ab7875d9453dca40eec62b6ffa5d0a8d35: 0.0
0x1cc5e3d658377b4fa11460c0acbcfef1c5f87c112742d02d93b3b0884d92932b: 31032.000000000004
tokens sent to [m/44'/60'/0'/0/252]: 0x8f58910464e9e2c11d225b776e2068089b79520aef068eaccd286e950d0b7250
 - waiting on tx............ [failed]
0x9dfca2d90122bbed77f742cec51ec8dfef9aca506cc049a85e2f3ad446ca8e9c: 0.0
0x12801c3b8f0eda4ea51068fb1399e24f24b9eb3d9daa456cb246b4adca64d835: 0.0
0x08bd22f5ae4cfe25f1417339010cd834440debb712b20a4202bae0b1b6168078: 0.0
 - fuel returned: 0x7bd4a563e21a6966e645023b1610d3b15944a8a1c9a7efa00fa2db9189590ce2
0xfd59411bbe53062bb60cec109df862533018d1c5f7e7054cbffc38ab73af5804: 0.0
0xb6c090d7abbf1a6f29397387306ee3a85ae04e55e681e630f1596f3a08db92fe: 0.0
0xccf20770fc044ef5ec61d1e0dc1210a8e1450f2a9d57d8cbbf88ced6600bc8ef: 0.0
0xf832431c9eb34cc941b8b14e65baae4d100955ccde880fae76c6a4f936ea6213: 0.0
0x4f68d227be94c324a95f1f628baec178d830109961eccf4c95a9450bad8dfc62: 0.0
 - fuel returned: 0x430af1096f0bc2a29ef7aa4121fa5cd147d4aa791d261c673384c9a6a51ef118
0xc9ce1d9ae71deb6502e61267aec93b8d78c38dc84d1e71be759b16acb109edaa: 17972.0
tokens sent to [m/44'/60'/0'/0/261]: 0xce22e1fe06373f1ac3b65e0e0e843090e09621c8fb1867dab1ee97c6a473fc5c
 - waiting on tx.... [success]
 - fuel returned: 0x978c5fdd50aaad3f1c3837566958d7c4a38a32c90b9b5f0a43b7ba76679c326e
 - sleeping [92 seconds]
0x41779ed8845d49dcb4fbc24051950b6c0c24bf1c7b9ab896dc2782979ba4b1f5: 0.0
 - fuel returned: 0x9e666fe1b37bdda9d79d55c1f521283ee5e3b096b5d93c880847c52634076351
0xc3986c3548215895b21267f2f85d794a34a9e76ecb94362d6fcd40c8fa654d6e: 0.0
0x11f9e913bc077c951637fd68b87968e505e98629dc5a7fa074a45ae5718683b3: 0.0
0xefb752d8acd9d3366865fa15ae2fc9e453742e6b79f050f64322c6e3e9c3ff51: 0.0
0x7ec92c0b0cd2a77f294cc109052660e2c0aa271eaff7361d325861b6e4575acc: 0.0
0xd3ec9d3b25860dbc325205a28bcb1c628c926e45fc8d019ffad7c7a36838815c: 0.0
0xa6a70b8ec7121dd0f8ee6998360de4094d39bc764ba37fab55fb31f474c0b065: 0.0
0x18cbc7c0a9afdff9aa6377d82763e6ecd0b62065766c953b0ef4ca5d295f78bf: 0.0
0x565da51e4afa1d2052fc98fbe069e5631ae903847b9912a55706de271b194bf0: 0.0
 - fuel returned: 0x3a2ed3f5f886d4bd15c55787013d84efd5b709f86eb68152dfd4b3e1ff1df560
0x99cd1a2dd53237b13ac79dcc5aa822101ee5d2a25f41ecdeb2e2fc84e94e1761: 0.0
0xe0daabdb080b048f14229d451871564567bd07c05fb780c730ce0ee182e19ba7: 0.0
0x96cb2bda11c54a50013ad190a014ae3353ffa15d6d03d557e54ff8ddd2029170: 0.0
0x87fd1c97f8be21ce11b345a3e8036b15f3bab395a22c8fae706f79d760227cf4: 0.0
 - fuel returned: 0x410d494003c89beae86017b4f84d1f28d922eef5d4ad0964c7362fb41f14c262
0x5652a5299007492efab89abc8739520bdb3e7d55fd7dda85ddc3c71d0f608e12: 0.0
0x01c1833556c718a13486fdaacaf463af2ec7839ab20e37b0d06134cc4952e302: 0.0
0x3b9419503c522acc3e89b6a701749398cefaf32e0867529eacc38bd63ce1d5c2: 0.0
 - fuel returned: 0xe017d0b577984cd5c59fe97aa31917a1edd857f1e92f070d359027dfaadd3f6a
0x7b2b901903c5e9dca8465fb2fa2c152593af8ba831d5bd011f5a7b4680269698: 0.0
0x4a9d846f23217fc2b294a7c87c089501a0d7d6d6f761c03d295904096000b305: 0.0
0x098decd3e7086dbff8eb6fec984f92cfcc35d218165f0683ca98bd69df4b80ab: 0.0
0x3cb9be1a676e9dfa8ba0e7d426f6c40073bbec5b48529e62efff30eac8ee17b7: 0.0
0x386d7fb6758a75938a1f2cf649ca8188d8842513bf1905e493c5c8cb9d4a73f3: 0.0
0x195bb2c88f1e40c510da785b485562b311881a15270130d259ed63e39757d79a: 0.0
0x0e54ad0a24a73afa67d92288756b6c5b37613b4945e7199617c6fe9cadb7b163: 0.0
 - fuel returned: 0xdbce310aef4a04554fd5696b8ad880178dec161a5609de5c9cc7dba2244d678e
0xa0d1add7cd0fd369e31a61779a66dd07488ce4881b9326f7830531f5425ad46c: 12662.0
 - fuel sent: 0x1432ecfdf0796334480a853e0121b9280a381cabb4b1e3114089cf8ef4d13002
 - waiting on tx... [success]
tokens sent to [m/44'/60'/0'/0/285]: 0xc5c720dd9e971a30b1d8e541cbcf04b1d46fab45d9990cdc7d8f8f7995be8fb8
 - waiting on tx............ [failed]
0xc6b6081e097663a0b74803a123886e7e6ed48450c1d72fce8b6f4c20bf024e79: 3696.9999999999995
 - fuel sent: 0x09a7546621039e80e8f6e8e03ee97f09ba60c36e87585cc934e1c432ea08db53
 - waiting on tx................. [success]
tokens sent to [m/44'/60'/0'/0/286]: 0xb52d0d0d4f28b00aff898433d2f5aba43dbeb8cd83b81f3fd86e0b3d38a60ff2
 - waiting on tx.......... [success]
 - fuel returned: 0xe04676885b78659eb153b0462f7e7fd5b250d3aaa12a627d533c299fee6dc70a
 - sleeping [71 seconds]
0xf32698ce7760e3a1e2751f9f6f07e7ec104ee6465882184aa6567acc5f954a8e: 16976.0
 - fuel sent: 0xddb3b0a79dcd763d6c4263663fd15b810eb54e8dda959d7d29f18db00efda4db
 - waiting on tx... [success]
tokens sent to [m/44'/60'/0'/0/287]: 0xbbb91e0a6b28d9486187fc0d79c2096da128484394d29ccf1ccbba634f1a806f
 - waiting on tx... [success]
 - fuel returned: 0x2e80c05f0555f185dc29bd0a029b84a469517c0191d47131a1ad540c51a56dd8
 - sleeping [97 seconds]
0x7995120fb9cd9cb8a2cda4bb2225cb753228eee8cb3cc128c66046540cf44f2a: 16990.0
 - fuel sent: 0xd8ce2affd0777f18d3866356da7b374b751815fbda7128b2e3852409b2f4336a
 - waiting on tx... [success]
tokens sent to [m/44'/60'/0'/0/288]: 0xac75203ea3e880221bdc0dce69dbd5aa6d4e8a83a54f6ab170f2c118587f0453
 - waiting on tx.... [success]
 - fuel returned: 0xa63cd5847d6377bcf36813bd28a8da15c574d15f92a3bc157d3e7820bbf43aff
 - sleeping [6 seconds]
0x486bd0eb8f0f6ea84337a6dc5f9d1f3651403e53a58d012ae58118760f668b5b: 27628.0
 - fuel sent: 0x1c77c5093d7fda7c309e6c8d3976f2d9649cf39286fce1e2f8b75cd7a2e44b84
 - waiting on tx.... [success]
tokens sent to [m/44'/60'/0'/0/289]: 0x31a12191647915626c3d26d498639018e1f8c8fe25945a5c84e8321e79ceb2fa
 - waiting on tx....... [success]
 - fuel returned: 0xa4d8a25c2530c73703ce416427d389609a4a17ca504b87f0c9f5435b0fdc6550
 - sleeping [9 seconds]
0x0fbb94500bd266b9e899e6c41a7f66713bef5e5dbeb0954bf3dd531e7dc63ef6: 32358.0
 - fuel sent: 0x2dc2604c91de0931702bd0f71586a8bed54b30207896b57268201beb898a5ab0
 - waiting on tx.... [success]
tokens sent to [m/44'/60'/0'/0/290]: 0x8422e5b76be1b86c64a28aff33222cc4740eef6ca55cefede371df9a8d008410
 - waiting on tx... [success]
 - fuel returned: 0x5aa2f388b06982ab37655fbbaafab4de43be48cc7575896242680ca417bc4a0f
 - sleeping [63 seconds]
0x7420aff9ab9bea4099025372f56fcf3d4f97b9025885a3fd4b56164961b3a6f6: 57201.0
 - fuel sent: 0x73cb2e3a894b7736bea5993795ccebf5e4b4b015f195317a064be89b44bb1464
 - waiting on tx... [success]
tokens sent to [m/44'/60'/0'/0/291]: 0xe9812f9b3c0ac23140a4c6435f201db4bb36f5044e804cc1f3dda7bb47375ab9
 - waiting on tx.... [success]
 - fuel returned: 0xc0e22c812a441206480a00befbe14c0c7db60a3bcae839a347fe1615cbf5996f
 - sleeping [23 seconds]
0xf98661313d379c521a38d96cd60579d64e8cc8cea124d864c2101a558d4780db: 38956.0
 - fuel sent: 0x8b348af8eae33ab94b793ac34f5b9e9b6197a525579278cf27cfbfc96ba30a9a
 - waiting on tx... [success]
tokens sent to [m/44'/60'/0'/0/292]: 0x1a5456ff98ded30a3cb7a69f7f53e37520ccdf9929e0db27d37b4e0fc3e4e835
 - waiting on tx............ [failed]
0xee5d0e2e6681be11579ee4a8b236728f6ab5a95743fc8cb9699ede41f66c1289: 67970.0
 - fuel sent: 0x7743855356fd2f20756fed1076b22d7df41d10a24116575ef9756e264c3fe26d
 - waiting on tx... [success]
tokens sent to [m/44'/60'/0'/0/293]: 0x0ed6b9fd2b17b0ed769683f8bdb96a4c79296d9fdfd0b6eea7d08f81261d9e19
 - waiting on tx.... [success]
 - fuel returned: 0x34065e4137a466680afc38337a3b705c24057be9aac18836544375a3d00c6798
 - sleeping [80 seconds]
0xa3abfb3e42c7ea5d4b8d42623d6248b6bd18fd0b48752bf43958fa6ff34e7080: 83677.0
 - fuel sent: 0x34e4a70eb2634466da775b11b71c4b73ad9d765f08649adc7d940067e75b75a5
 - waiting on tx.... [success]
tokens sent to [m/44'/60'/0'/0/294]: 0xda7f4e423901d0d87febf4276650eb3a3793f6e953e6b8d024316743759b2c75
 - waiting on tx..... [success]
 - fuel returned: 0x5dcb78ac8649f5dd3eec7229f0e3da69d6d062b53dd6b5066064a8dc0384ae87
 - sleeping [16 seconds]
0xdbfeab3b75924c3ca3e38b397179b1b5af33b8d290775f2bbdff99afe54a0380: 37659.0
 - fuel sent: 0x02f933e4af71186284390cdc92e358aab57293b9539d7b123f17c9624c80e77f
 - waiting on tx... [success]
tokens sent to [m/44'/60'/0'/0/295]: 0xcb30d1f220d8d8b06f5f57cbb35e582231ef03f0c59fa34afa7358b8b5097199
 - waiting on tx.... [success]
 - fuel returned: 0x3db08fd8275920be4769ba6d044ba13dc2b97fc2118ab8bdfd7de46aa36eb4c2
 - sleeping [82 seconds]
0xa09fe221d7d58b812340e382068eab794a4744cfb9051827574f981bb16b738d: 36696.0
 - fuel sent: 0xd60f660795220ae04a6279a6ec1eed3360ddd6bfc414cfbe0a5581e59d82891f
 - waiting on tx... [success]
tokens sent to [m/44'/60'/0'/0/296]: 0xfe4554758b3e1db6c41239e2b2211bf57d291f7ad69f461c3e25a1455d077e39
 - waiting on tx... [success]
 - fuel returned: 0x6febeb703ddfea276a97f7a60d65f53d2cb2c46c85c47d42bb784eeee58d0404
 - sleeping [73 seconds]
0xe4f97258295d0b7e1b521be3e9b9d86d7bd40ebb78ac843c41a7d8daedb6c8a2: 32918.0
 - fuel sent: 0xe3308191303693fe4b756588971c4512d77a0b1d75c0a1529e740676b43a417f
 - waiting on tx.... [success]
tokens sent to [m/44'/60'/0'/0/297]: 0xf3433d6e28310d31195817adff05df42575dffbd2ab9ea70a9f0aabfb564992d
 - waiting on tx............ [failed]
0x0b3db01d966a6b2b9801ebdd0d65bf25000b99b21cf5f6c20e45d7d2e9bb29d9: 1774.0
 - fuel sent: 0xd9a38aca09e39a0aa5059cb3cb17469a739a7f29ca6ee8423377778f6ee1ed6b
 - waiting on tx... [success]
tokens sent to [m/44'/60'/0'/0/298]: 0x664d717821506ebb163ebdf2ddf10606c6b9851b59f5b470e50f209b863b3bab
 - waiting on tx... [success]
 - fuel returned: 0x8c63603177b5dc42fbcad0ca4aac827d2841188538e8d496ca6172d079715757
 - sleeping [118 seconds]
0x8acaf5c2b5addfa783ae3a0fbdad78fde44478a46c7125b07f6b4881b4f22b48: 47200.0
 - fuel sent: 0x94ba31b903ae45776318352be855ccd59fbacf8285736ee121e09b878d166aa9
 - waiting on tx... [success]
tokens sent to [m/44'/60'/0'/0/299]: 0x548362c25ea96c2a893e611202ec9340b31ef674e99cb4e6c4370b58e9ec4b88
 - waiting on tx............ [failed]
